{"E:\\Book\\src\\components\\Auth\\AuthTemplate.tsx": {"path":"E:\\Book\\src\\components\\Auth\\AuthTemplate.tsx","statementMap":{"0":{"start":{"line":13,"column":19},"end":{"line":13,"column":32}},"1":{"start":{"line":15,"column":48},"end":{"line":15,"column":69}},"2":{"start":{"line":16,"column":32},"end":{"line":16,"column":47}},"3":{"start":{"line":18,"column":34},"end":{"line":23,"column":4}},"4":{"start":{"line":27,"column":28},"end":{"line":32,"column":4}},"5":{"start":{"line":34,"column":23},"end":{"line":46,"column":3}},"6":{"start":{"line":35,"column":26},"end":{"line":35,"column":34}},"7":{"start":{"line":36,"column":4},"end":{"line":39,"column":6}},"8":{"start":{"line":40,"column":4},"end":{"line":45,"column":5}},"9":{"start":{"line":41,"column":6},"end":{"line":44,"column":8}},"10":{"start":{"line":48,"column":23},"end":{"line":88,"column":3}},"11":{"start":{"line":49,"column":18},"end":{"line":49,"column":22}},"12":{"start":{"line":50,"column":19},"end":{"line":55,"column":5}},"13":{"start":{"line":57,"column":4},"end":{"line":60,"column":5}},"14":{"start":{"line":58,"column":6},"end":{"line":58,"column":49}},"15":{"start":{"line":59,"column":6},"end":{"line":59,"column":21}},"16":{"start":{"line":62,"column":4},"end":{"line":68,"column":5}},"17":{"start":{"line":63,"column":6},"end":{"line":63,"column":42}},"18":{"start":{"line":64,"column":6},"end":{"line":64,"column":21}},"19":{"start":{"line":65,"column":11},"end":{"line":68,"column":5}},"20":{"start":{"line":66,"column":6},"end":{"line":66,"column":59}},"21":{"start":{"line":67,"column":6},"end":{"line":67,"column":21}},"22":{"start":{"line":70,"column":4},"end":{"line":76,"column":5}},"23":{"start":{"line":71,"column":6},"end":{"line":71,"column":48}},"24":{"start":{"line":72,"column":6},"end":{"line":72,"column":21}},"25":{"start":{"line":73,"column":11},"end":{"line":76,"column":5}},"26":{"start":{"line":74,"column":6},"end":{"line":74,"column":66}},"27":{"start":{"line":75,"column":6},"end":{"line":75,"column":21}},"28":{"start":{"line":78,"column":4},"end":{"line":84,"column":5}},"29":{"start":{"line":79,"column":6},"end":{"line":79,"column":44}},"30":{"start":{"line":80,"column":6},"end":{"line":80,"column":21}},"31":{"start":{"line":81,"column":11},"end":{"line":84,"column":5}},"32":{"start":{"line":82,"column":6},"end":{"line":82,"column":69}},"33":{"start":{"line":83,"column":6},"end":{"line":83,"column":21}},"34":{"start":{"line":86,"column":4},"end":{"line":86,"column":22}},"35":{"start":{"line":87,"column":4},"end":{"line":87,"column":18}},"36":{"start":{"line":90,"column":23},"end":{"line":133,"column":3}},"37":{"start":{"line":91,"column":4},"end":{"line":91,"column":23}},"38":{"start":{"line":93,"column":4},"end":{"line":93,"column":32}},"39":{"start":{"line":93,"column":25},"end":{"line":93,"column":32}},"40":{"start":{"line":94,"column":4},"end":{"line":94,"column":20}},"41":{"start":{"line":95,"column":4},"end":{"line":125,"column":5}},"42":{"start":{"line":96,"column":6},"end":{"line":106,"column":7}},"43":{"start":{"line":97,"column":21},"end":{"line":97,"column":88}},"44":{"start":{"line":98,"column":8},"end":{"line":103,"column":9}},"45":{"start":{"line":99,"column":10},"end":{"line":99,"column":71}},"46":{"start":{"line":100,"column":10},"end":{"line":100,"column":68}},"47":{"start":{"line":101,"column":10},"end":{"line":101,"column":40}},"48":{"start":{"line":102,"column":10},"end":{"line":102,"column":23}},"49":{"start":{"line":105,"column":8},"end":{"line":105,"column":50}},"50":{"start":{"line":107,"column":11},"end":{"line":125,"column":5}},"51":{"start":{"line":108,"column":6},"end":{"line":124,"column":7}},"52":{"start":{"line":109,"column":21},"end":{"line":114,"column":10}},"53":{"start":{"line":116,"column":8},"end":{"line":121,"column":9}},"54":{"start":{"line":117,"column":10},"end":{"line":117,"column":39}},"55":{"start":{"line":118,"column":10},"end":{"line":118,"column":28}},"56":{"start":{"line":120,"column":10},"end":{"line":120,"column":42}},"57":{"start":{"line":123,"column":8},"end":{"line":123,"column":32}},"58":{"start":{"line":126,"column":4},"end":{"line":126,"column":21}},"59":{"start":{"line":127,"column":4},"end":{"line":132,"column":6}},"60":{"start":{"line":135,"column":2},"end":{"line":299,"column":3}},"61":{"start":{"line":208,"column":41},"end":{"line":208,"column":77}},"62":{"start":{"line":214,"column":41},"end":{"line":214,"column":77}},"63":{"start":{"line":265,"column":41},"end":{"line":265,"column":77}},"64":{"start":{"line":270,"column":41},"end":{"line":270,"column":77}}},"fnMap":{"0":{"name":"AuthTemplate","decl":{"start":{"line":12,"column":9},"end":{"line":12,"column":21}},"loc":{"start":{"line":12,"column":56},"end":{"line":300,"column":1}},"line":12},"1":{"name":"(anonymous_1)","decl":{"start":{"line":34,"column":23},"end":{"line":34,"column":24}},"loc":{"start":{"line":34,"column":67},"end":{"line":46,"column":3}},"line":34},"2":{"name":"(anonymous_2)","decl":{"start":{"line":48,"column":23},"end":{"line":48,"column":24}},"loc":{"start":{"line":48,"column":29},"end":{"line":88,"column":3}},"line":48},"3":{"name":"(anonymous_3)","decl":{"start":{"line":90,"column":23},"end":{"line":90,"column":24}},"loc":{"start":{"line":90,"column":70},"end":{"line":133,"column":3}},"line":90},"4":{"name":"(anonymous_4)","decl":{"start":{"line":208,"column":35},"end":{"line":208,"column":36}},"loc":{"start":{"line":208,"column":41},"end":{"line":208,"column":77}},"line":208},"5":{"name":"(anonymous_5)","decl":{"start":{"line":214,"column":35},"end":{"line":214,"column":36}},"loc":{"start":{"line":214,"column":41},"end":{"line":214,"column":77}},"line":214},"6":{"name":"(anonymous_6)","decl":{"start":{"line":265,"column":35},"end":{"line":265,"column":36}},"loc":{"start":{"line":265,"column":41},"end":{"line":265,"column":77}},"line":265},"7":{"name":"(anonymous_7)","decl":{"start":{"line":270,"column":35},"end":{"line":270,"column":36}},"loc":{"start":{"line":270,"column":41},"end":{"line":270,"column":77}},"line":270}},"branchMap":{"0":{"loc":{"start":{"line":40,"column":4},"end":{"line":45,"column":5}},"type":"if","locations":[{"start":{"line":40,"column":4},"end":{"line":45,"column":5}},{"start":{},"end":{}}],"line":40},"1":{"loc":{"start":{"line":57,"column":4},"end":{"line":60,"column":5}},"type":"if","locations":[{"start":{"line":57,"column":4},"end":{"line":60,"column":5}},{"start":{},"end":{}}],"line":57},"2":{"loc":{"start":{"line":57,"column":8},"end":{"line":57,"column":54}},"type":"binary-expr","locations":[{"start":{"line":57,"column":8},"end":{"line":57,"column":32}},{"start":{"line":57,"column":36},"end":{"line":57,"column":54}}],"line":57},"3":{"loc":{"start":{"line":62,"column":4},"end":{"line":68,"column":5}},"type":"if","locations":[{"start":{"line":62,"column":4},"end":{"line":68,"column":5}},{"start":{"line":65,"column":11},"end":{"line":68,"column":5}}],"line":62},"4":{"loc":{"start":{"line":65,"column":11},"end":{"line":68,"column":5}},"type":"if","locations":[{"start":{"line":65,"column":11},"end":{"line":68,"column":5}},{"start":{},"end":{}}],"line":65},"5":{"loc":{"start":{"line":70,"column":4},"end":{"line":76,"column":5}},"type":"if","locations":[{"start":{"line":70,"column":4},"end":{"line":76,"column":5}},{"start":{"line":73,"column":11},"end":{"line":76,"column":5}}],"line":70},"6":{"loc":{"start":{"line":73,"column":11},"end":{"line":76,"column":5}},"type":"if","locations":[{"start":{"line":73,"column":11},"end":{"line":76,"column":5}},{"start":{},"end":{}}],"line":73},"7":{"loc":{"start":{"line":78,"column":4},"end":{"line":84,"column":5}},"type":"if","locations":[{"start":{"line":78,"column":4},"end":{"line":84,"column":5}},{"start":{"line":81,"column":11},"end":{"line":84,"column":5}}],"line":78},"8":{"loc":{"start":{"line":78,"column":8},"end":{"line":78,"column":52}},"type":"binary-expr","locations":[{"start":{"line":78,"column":8},"end":{"line":78,"column":32}},{"start":{"line":78,"column":36},"end":{"line":78,"column":52}}],"line":78},"9":{"loc":{"start":{"line":81,"column":11},"end":{"line":84,"column":5}},"type":"if","locations":[{"start":{"line":81,"column":11},"end":{"line":84,"column":5}},{"start":{},"end":{}}],"line":81},"10":{"loc":{"start":{"line":81,"column":15},"end":{"line":81,"column":76}},"type":"binary-expr","locations":[{"start":{"line":81,"column":15},"end":{"line":81,"column":39}},{"start":{"line":81,"column":43},"end":{"line":81,"column":76}}],"line":81},"11":{"loc":{"start":{"line":93,"column":4},"end":{"line":93,"column":32}},"type":"if","locations":[{"start":{"line":93,"column":4},"end":{"line":93,"column":32}},{"start":{},"end":{}}],"line":93},"12":{"loc":{"start":{"line":95,"column":4},"end":{"line":125,"column":5}},"type":"if","locations":[{"start":{"line":95,"column":4},"end":{"line":125,"column":5}},{"start":{"line":107,"column":11},"end":{"line":125,"column":5}}],"line":95},"13":{"loc":{"start":{"line":98,"column":8},"end":{"line":103,"column":9}},"type":"if","locations":[{"start":{"line":98,"column":8},"end":{"line":103,"column":9}},{"start":{},"end":{}}],"line":98},"14":{"loc":{"start":{"line":105,"column":20},"end":{"line":105,"column":49}},"type":"binary-expr","locations":[{"start":{"line":105,"column":20},"end":{"line":105,"column":31}},{"start":{"line":105,"column":35},"end":{"line":105,"column":49}}],"line":105},"15":{"loc":{"start":{"line":107,"column":11},"end":{"line":125,"column":5}},"type":"if","locations":[{"start":{"line":107,"column":11},"end":{"line":125,"column":5}},{"start":{},"end":{}}],"line":107},"16":{"loc":{"start":{"line":116,"column":8},"end":{"line":121,"column":9}},"type":"if","locations":[{"start":{"line":116,"column":8},"end":{"line":121,"column":9}},{"start":{"line":119,"column":15},"end":{"line":121,"column":9}}],"line":116},"17":{"loc":{"start":{"line":154,"column":60},"end":{"line":154,"column":115}},"type":"cond-expr","locations":[{"start":{"line":154,"column":84},"end":{"line":154,"column":96}},{"start":{"line":154,"column":99},"end":{"line":154,"column":115}}],"line":154},"18":{"loc":{"start":{"line":155,"column":19},"end":{"line":155,"column":128}},"type":"binary-expr","locations":[{"start":{"line":155,"column":19},"end":{"line":155,"column":40}},{"start":{"line":155,"column":44},"end":{"line":155,"column":128}}],"line":155},"19":{"loc":{"start":{"line":160,"column":63},"end":{"line":160,"column":121}},"type":"cond-expr","locations":[{"start":{"line":160,"column":90},"end":{"line":160,"column":102}},{"start":{"line":160,"column":105},"end":{"line":160,"column":121}}],"line":160},"20":{"loc":{"start":{"line":161,"column":19},"end":{"line":161,"column":131}},"type":"binary-expr","locations":[{"start":{"line":161,"column":19},"end":{"line":161,"column":43}},{"start":{"line":161,"column":47},"end":{"line":161,"column":131}}],"line":161},"21":{"loc":{"start":{"line":168,"column":15},"end":{"line":237,"column":15}},"type":"binary-expr","locations":[{"start":{"line":168,"column":15},"end":{"line":168,"column":39}},{"start":{"line":169,"column":16},"end":{"line":236,"column":22}}],"line":168},"22":{"loc":{"start":{"line":180,"column":21},"end":{"line":180,"column":100}},"type":"binary-expr","locations":[{"start":{"line":180,"column":21},"end":{"line":180,"column":35}},{"start":{"line":180,"column":39},"end":{"line":180,"column":100}}],"line":180},"23":{"loc":{"start":{"line":192,"column":21},"end":{"line":192,"column":94}},"type":"binary-expr","locations":[{"start":{"line":192,"column":21},"end":{"line":192,"column":32}},{"start":{"line":192,"column":36},"end":{"line":192,"column":94}}],"line":192},"24":{"loc":{"start":{"line":199,"column":30},"end":{"line":199,"column":67}},"type":"cond-expr","locations":[{"start":{"line":199,"column":48},"end":{"line":199,"column":54}},{"start":{"line":199,"column":57},"end":{"line":199,"column":67}}],"line":199},"25":{"loc":{"start":{"line":205,"column":23},"end":{"line":217,"column":23}},"type":"cond-expr","locations":[{"start":{"line":206,"column":24},"end":{"line":210,"column":26}},{"start":{"line":212,"column":24},"end":{"line":216,"column":26}}],"line":205},"26":{"loc":{"start":{"line":219,"column":21},"end":{"line":219,"column":100}},"type":"binary-expr","locations":[{"start":{"line":219,"column":21},"end":{"line":219,"column":35}},{"start":{"line":219,"column":39},"end":{"line":219,"column":100}}],"line":219},"27":{"loc":{"start":{"line":231,"column":21},"end":{"line":231,"column":96}},"type":"binary-expr","locations":[{"start":{"line":231,"column":21},"end":{"line":231,"column":33}},{"start":{"line":231,"column":37},"end":{"line":231,"column":96}}],"line":231},"28":{"loc":{"start":{"line":238,"column":15},"end":{"line":293,"column":15}},"type":"binary-expr","locations":[{"start":{"line":238,"column":15},"end":{"line":238,"column":36}},{"start":{"line":239,"column":16},"end":{"line":292,"column":22}}],"line":238},"29":{"loc":{"start":{"line":250,"column":21},"end":{"line":250,"column":100}},"type":"binary-expr","locations":[{"start":{"line":250,"column":21},"end":{"line":250,"column":32}},{"start":{"line":250,"column":36},"end":{"line":250,"column":100}}],"line":250},"30":{"loc":{"start":{"line":258,"column":30},"end":{"line":258,"column":67}},"type":"cond-expr","locations":[{"start":{"line":258,"column":48},"end":{"line":258,"column":54}},{"start":{"line":258,"column":57},"end":{"line":258,"column":67}}],"line":258},"31":{"loc":{"start":{"line":263,"column":23},"end":{"line":273,"column":23}},"type":"cond-expr","locations":[{"start":{"line":264,"column":24},"end":{"line":267,"column":26}},{"start":{"line":269,"column":24},"end":{"line":272,"column":26}}],"line":263},"32":{"loc":{"start":{"line":274,"column":23},"end":{"line":274,"column":108}},"type":"binary-expr","locations":[{"start":{"line":274,"column":23},"end":{"line":274,"column":37}},{"start":{"line":274,"column":41},"end":{"line":274,"column":108}}],"line":274}},"s":{"0":36,"1":36,"2":36,"3":36,"4":36,"5":36,"6":18,"7":18,"8":18,"9":0,"10":36,"11":6,"12":6,"13":6,"14":1,"15":1,"16":6,"17":2,"18":2,"19":4,"20":2,"21":2,"22":6,"23":2,"24":2,"25":4,"26":0,"27":0,"28":6,"29":1,"30":1,"31":5,"32":1,"33":1,"34":6,"35":6,"36":36,"37":6,"38":6,"39":5,"40":1,"41":1,"42":0,"43":0,"44":0,"45":0,"46":0,"47":0,"48":0,"49":0,"50":1,"51":1,"52":1,"53":0,"54":0,"55":0,"56":0,"57":1,"58":1,"59":1,"60":36,"61":0,"62":0,"63":0,"64":0},"f":{"0":36,"1":18,"2":6,"3":6,"4":0,"5":0,"6":0,"7":0},"b":{"0":[0,18],"1":[1,5],"2":[6,3],"3":[2,4],"4":[2,2],"5":[2,4],"6":[0,4],"7":[1,5],"8":[6,3],"9":[1,4],"10":[5,2],"11":[5,1],"12":[0,1],"13":[0,0],"14":[0,0],"15":[1,0],"16":[0,0],"17":[15,21],"18":[36,15],"19":[21,15],"20":[36,21],"21":[36,21],"22":[21,1],"23":[21,1],"24":[0,21],"25":[0,21],"26":[21,1],"27":[21,2],"28":[36,15],"29":[15,3],"30":[0,15],"31":[0,15],"32":[15,1]},"_coverageSchema":"1a1c01bbd47fc00a2c39e90264f33305004495a9","hash":"5937d07398bdd3b01831c47185e677079b020d5d"}
,"E:\\Book\\src\\components\\Auth\\RegisterForm.tsx": {"path":"E:\\Book\\src\\components\\Auth\\RegisterForm.tsx","statementMap":{"0":{"start":{"line":5,"column":2},"end":{"line":9,"column":3}}},"fnMap":{"0":{"name":"RegisterForm","decl":{"start":{"line":4,"column":9},"end":{"line":4,"column":21}},"loc":{"start":{"line":4,"column":24},"end":{"line":10,"column":1}},"line":4}},"branchMap":{},"s":{"0":1},"f":{"0":1},"b":{},"_coverageSchema":"1a1c01bbd47fc00a2c39e90264f33305004495a9","hash":"af709c8cbd175df88b886d3aa5930424a27e3157"}
,"E:\\Book\\src\\components\\BookDetails\\BookDetails.tsx": {"path":"E:\\Book\\src\\components\\BookDetails\\BookDetails.tsx","statementMap":{"0":{"start":{"line":20,"column":15},"end":{"line":20,"column":75}},"1":{"start":{"line":34,"column":21},"end":{"line":34,"column":47}},"2":{"start":{"line":35,"column":21},"end":{"line":35,"column":34}},"3":{"start":{"line":36,"column":21},"end":{"line":36,"column":79}},"4":{"start":{"line":36,"column":55},"end":{"line":36,"column":78}},"5":{"start":{"line":37,"column":21},"end":{"line":37,"column":79}},"6":{"start":{"line":37,"column":55},"end":{"line":37,"column":78}},"7":{"start":{"line":38,"column":17},"end":{"line":38,"column":67}},"8":{"start":{"line":38,"column":51},"end":{"line":38,"column":66}},"9":{"start":{"line":40,"column":4},"end":{"line":40,"column":29}},"10":{"start":{"line":42,"column":42},"end":{"line":42,"column":53}},"11":{"start":{"line":43,"column":43},"end":{"line":43,"column":58}},"12":{"start":{"line":44,"column":42},"end":{"line":46,"column":5}},"13":{"start":{"line":45,"column":30},"end":{"line":45,"column":74}},"14":{"start":{"line":47,"column":34},"end":{"line":47,"column":52}},"15":{"start":{"line":48,"column":38},"end":{"line":48,"column":53}},"16":{"start":{"line":49,"column":38},"end":{"line":49,"column":49}},"17":{"start":{"line":51,"column":4},"end":{"line":58,"column":10}},"18":{"start":{"line":52,"column":8},"end":{"line":52,"column":26}},"19":{"start":{"line":53,"column":27},"end":{"line":53,"column":96}},"20":{"start":{"line":53,"column":59},"end":{"line":53,"column":95}},"21":{"start":{"line":54,"column":8},"end":{"line":57,"column":9}},"22":{"start":{"line":55,"column":12},"end":{"line":55,"column":31}},"23":{"start":{"line":56,"column":12},"end":{"line":56,"column":51}},"24":{"start":{"line":61,"column":23},"end":{"line":70,"column":5}},"25":{"start":{"line":62,"column":8},"end":{"line":69,"column":9}},"26":{"start":{"line":63,"column":29},"end":{"line":63,"column":67}},"27":{"start":{"line":64,"column":12},"end":{"line":66,"column":13}},"28":{"start":{"line":65,"column":16},"end":{"line":65,"column":61}},"29":{"start":{"line":68,"column":12},"end":{"line":68,"column":57}},"30":{"start":{"line":73,"column":26},"end":{"line":88,"column":5}},"31":{"start":{"line":75,"column":8},"end":{"line":78,"column":9}},"32":{"start":{"line":76,"column":12},"end":{"line":76,"column":66}},"33":{"start":{"line":77,"column":12},"end":{"line":77,"column":19}},"34":{"start":{"line":79,"column":25},"end":{"line":79,"column":38}},"35":{"start":{"line":80,"column":8},"end":{"line":80,"column":31}},"36":{"start":{"line":81,"column":8},"end":{"line":87,"column":9}},"37":{"start":{"line":82,"column":12},"end":{"line":82,"column":45}},"38":{"start":{"line":83,"column":12},"end":{"line":83,"column":61}},"39":{"start":{"line":84,"column":12},"end":{"line":84,"column":53}},"40":{"start":{"line":86,"column":12},"end":{"line":86,"column":55}},"41":{"start":{"line":90,"column":26},"end":{"line":101,"column":5}},"42":{"start":{"line":91,"column":8},"end":{"line":100,"column":9}},"43":{"start":{"line":92,"column":29},"end":{"line":92,"column":42}},"44":{"start":{"line":93,"column":12},"end":{"line":93,"column":35}},"45":{"start":{"line":94,"column":12},"end":{"line":99,"column":13}},"46":{"start":{"line":95,"column":16},"end":{"line":95,"column":64}},"47":{"start":{"line":96,"column":16},"end":{"line":96,"column":57}},"48":{"start":{"line":98,"column":16},"end":{"line":98,"column":59}},"49":{"start":{"line":103,"column":29},"end":{"line":110,"column":5}},"50":{"start":{"line":104,"column":29},"end":{"line":104,"column":94}},"51":{"start":{"line":104,"column":65},"end":{"line":104,"column":93}},"52":{"start":{"line":105,"column":8},"end":{"line":108,"column":9}},"53":{"start":{"line":106,"column":12},"end":{"line":106,"column":33}},"54":{"start":{"line":107,"column":12},"end":{"line":107,"column":23}},"55":{"start":{"line":109,"column":8},"end":{"line":109,"column":20}},"56":{"start":{"line":112,"column":33},"end":{"line":129,"column":5}},"57":{"start":{"line":113,"column":8},"end":{"line":116,"column":9}},"58":{"start":{"line":114,"column":12},"end":{"line":114,"column":38}},"59":{"start":{"line":115,"column":12},"end":{"line":115,"column":18}},"60":{"start":{"line":117,"column":8},"end":{"line":117,"column":39}},"61":{"start":{"line":117,"column":32},"end":{"line":117,"column":39}},"62":{"start":{"line":119,"column":8},"end":{"line":128,"column":9}},"63":{"start":{"line":120,"column":29},"end":{"line":120,"column":64}},"64":{"start":{"line":121,"column":12},"end":{"line":125,"column":13}},"65":{"start":{"line":122,"column":16},"end":{"line":122,"column":56}},"66":{"start":{"line":123,"column":16},"end":{"line":123,"column":37}},"67":{"start":{"line":124,"column":16},"end":{"line":124,"column":51}},"68":{"start":{"line":127,"column":12},"end":{"line":127,"column":60}},"69":{"start":{"line":131,"column":39},"end":{"line":143,"column":5}},"70":{"start":{"line":133,"column":8},"end":{"line":142,"column":9}},"71":{"start":{"line":134,"column":29},"end":{"line":134,"column":67}},"72":{"start":{"line":135,"column":12},"end":{"line":139,"column":13}},"73":{"start":{"line":136,"column":16},"end":{"line":136,"column":54}},"74":{"start":{"line":137,"column":16},"end":{"line":137,"column":38}},"75":{"start":{"line":138,"column":16},"end":{"line":138,"column":57}},"76":{"start":{"line":141,"column":12},"end":{"line":141,"column":36}},"77":{"start":{"line":145,"column":29},"end":{"line":158,"column":5}},"78":{"start":{"line":146,"column":8},"end":{"line":157,"column":9}},"79":{"start":{"line":147,"column":29},"end":{"line":147,"column":64}},"80":{"start":{"line":149,"column":12},"end":{"line":154,"column":13}},"81":{"start":{"line":150,"column":16},"end":{"line":150,"column":52}},"82":{"start":{"line":151,"column":16},"end":{"line":151,"column":32}},"83":{"start":{"line":152,"column":16},"end":{"line":152,"column":35}},"84":{"start":{"line":153,"column":16},"end":{"line":153,"column":202}},"85":{"start":{"line":156,"column":12},"end":{"line":156,"column":56}},"86":{"start":{"line":160,"column":4},"end":{"line":232,"column":6}},"87":{"start":{"line":166,"column":28},"end":{"line":168,"column":37}},"88":{"start":{"line":166,"column":63},"end":{"line":166,"column":84}}},"fnMap":{"0":{"name":"BookDetails","decl":{"start":{"line":33,"column":9},"end":{"line":33,"column":20}},"loc":{"start":{"line":33,"column":23},"end":{"line":233,"column":1}},"line":33},"1":{"name":"(anonymous_1)","decl":{"start":{"line":36,"column":33},"end":{"line":36,"column":34}},"loc":{"start":{"line":36,"column":55},"end":{"line":36,"column":78}},"line":36},"2":{"name":"(anonymous_2)","decl":{"start":{"line":37,"column":33},"end":{"line":37,"column":34}},"loc":{"start":{"line":37,"column":55},"end":{"line":37,"column":78}},"line":37},"3":{"name":"(anonymous_3)","decl":{"start":{"line":38,"column":29},"end":{"line":38,"column":30}},"loc":{"start":{"line":38,"column":51},"end":{"line":38,"column":66}},"line":38},"4":{"name":"(anonymous_4)","decl":{"start":{"line":45,"column":22},"end":{"line":45,"column":23}},"loc":{"start":{"line":45,"column":30},"end":{"line":45,"column":74}},"line":45},"5":{"name":"(anonymous_5)","decl":{"start":{"line":51,"column":14},"end":{"line":51,"column":15}},"loc":{"start":{"line":51,"column":20},"end":{"line":58,"column":5}},"line":51},"6":{"name":"(anonymous_6)","decl":{"start":{"line":53,"column":37},"end":{"line":53,"column":38}},"loc":{"start":{"line":53,"column":59},"end":{"line":53,"column":95}},"line":53},"7":{"name":"(anonymous_7)","decl":{"start":{"line":61,"column":23},"end":{"line":61,"column":24}},"loc":{"start":{"line":61,"column":35},"end":{"line":70,"column":5}},"line":61},"8":{"name":"(anonymous_8)","decl":{"start":{"line":73,"column":26},"end":{"line":73,"column":27}},"loc":{"start":{"line":73,"column":38},"end":{"line":88,"column":5}},"line":73},"9":{"name":"(anonymous_9)","decl":{"start":{"line":90,"column":26},"end":{"line":90,"column":27}},"loc":{"start":{"line":90,"column":38},"end":{"line":101,"column":5}},"line":90},"10":{"name":"(anonymous_10)","decl":{"start":{"line":103,"column":29},"end":{"line":103,"column":30}},"loc":{"start":{"line":103,"column":35},"end":{"line":110,"column":5}},"line":103},"11":{"name":"(anonymous_11)","decl":{"start":{"line":104,"column":43},"end":{"line":104,"column":44}},"loc":{"start":{"line":104,"column":65},"end":{"line":104,"column":93}},"line":104},"12":{"name":"(anonymous_12)","decl":{"start":{"line":112,"column":33},"end":{"line":112,"column":34}},"loc":{"start":{"line":112,"column":45},"end":{"line":129,"column":5}},"line":112},"13":{"name":"(anonymous_13)","decl":{"start":{"line":131,"column":39},"end":{"line":131,"column":40}},"loc":{"start":{"line":131,"column":51},"end":{"line":143,"column":5}},"line":131},"14":{"name":"(anonymous_14)","decl":{"start":{"line":145,"column":29},"end":{"line":145,"column":30}},"loc":{"start":{"line":145,"column":41},"end":{"line":158,"column":5}},"line":145},"15":{"name":"(anonymous_15)","decl":{"start":{"line":165,"column":36},"end":{"line":165,"column":37}},"loc":{"start":{"line":166,"column":28},"end":{"line":168,"column":37}},"line":166},"16":{"name":"(anonymous_16)","decl":{"start":{"line":166,"column":57},"end":{"line":166,"column":58}},"loc":{"start":{"line":166,"column":63},"end":{"line":166,"column":84}},"line":166}},"branchMap":{"0":{"loc":{"start":{"line":45,"column":8},"end":{"line":45,"column":81}},"type":"binary-expr","locations":[{"start":{"line":45,"column":8},"end":{"line":45,"column":75}},{"start":{"line":45,"column":79},"end":{"line":45,"column":81}}],"line":45},"1":{"loc":{"start":{"line":54,"column":8},"end":{"line":57,"column":9}},"type":"if","locations":[{"start":{"line":54,"column":8},"end":{"line":57,"column":9}},{"start":{},"end":{}}],"line":54},"2":{"loc":{"start":{"line":64,"column":12},"end":{"line":66,"column":13}},"type":"if","locations":[{"start":{"line":64,"column":12},"end":{"line":66,"column":13}},{"start":{},"end":{}}],"line":64},"3":{"loc":{"start":{"line":75,"column":8},"end":{"line":78,"column":9}},"type":"if","locations":[{"start":{"line":75,"column":8},"end":{"line":78,"column":9}},{"start":{},"end":{}}],"line":75},"4":{"loc":{"start":{"line":75,"column":26},"end":{"line":75,"column":52}},"type":"binary-expr","locations":[{"start":{"line":75,"column":26},"end":{"line":75,"column":47}},{"start":{"line":75,"column":51},"end":{"line":75,"column":52}}],"line":75},"5":{"loc":{"start":{"line":91,"column":8},"end":{"line":100,"column":9}},"type":"if","locations":[{"start":{"line":91,"column":8},"end":{"line":100,"column":9}},{"start":{},"end":{}}],"line":91},"6":{"loc":{"start":{"line":105,"column":8},"end":{"line":108,"column":9}},"type":"if","locations":[{"start":{"line":105,"column":8},"end":{"line":108,"column":9}},{"start":{},"end":{}}],"line":105},"7":{"loc":{"start":{"line":113,"column":8},"end":{"line":116,"column":9}},"type":"if","locations":[{"start":{"line":113,"column":8},"end":{"line":116,"column":9}},{"start":{},"end":{}}],"line":113},"8":{"loc":{"start":{"line":117,"column":8},"end":{"line":117,"column":39}},"type":"if","locations":[{"start":{"line":117,"column":8},"end":{"line":117,"column":39}},{"start":{},"end":{}}],"line":117},"9":{"loc":{"start":{"line":121,"column":12},"end":{"line":125,"column":13}},"type":"if","locations":[{"start":{"line":121,"column":12},"end":{"line":125,"column":13}},{"start":{},"end":{}}],"line":121},"10":{"loc":{"start":{"line":135,"column":12},"end":{"line":139,"column":13}},"type":"if","locations":[{"start":{"line":135,"column":12},"end":{"line":139,"column":13}},{"start":{},"end":{}}],"line":135},"11":{"loc":{"start":{"line":149,"column":12},"end":{"line":154,"column":13}},"type":"if","locations":[{"start":{"line":149,"column":12},"end":{"line":154,"column":13}},{"start":{},"end":{}}],"line":149},"12":{"loc":{"start":{"line":166,"column":170},"end":{"line":166,"column":231}},"type":"cond-expr","locations":[{"start":{"line":166,"column":194},"end":{"line":166,"column":210}},{"start":{"line":166,"column":213},"end":{"line":166,"column":231}}],"line":166},"13":{"loc":{"start":{"line":176,"column":21},"end":{"line":190,"column":21}},"type":"cond-expr","locations":[{"start":{"line":177,"column":24},"end":{"line":187,"column":30}},{"start":{"line":189,"column":24},"end":{"line":189,"column":181}}],"line":176},"14":{"loc":{"start":{"line":179,"column":49},"end":{"line":179,"column":98}},"type":"cond-expr","locations":[{"start":{"line":179,"column":67},"end":{"line":179,"column":83}},{"start":{"line":179,"column":86},"end":{"line":179,"column":98}}],"line":179},"15":{"loc":{"start":{"line":193,"column":21},"end":{"line":203,"column":21}},"type":"cond-expr","locations":[{"start":{"line":194,"column":24},"end":{"line":197,"column":33}},{"start":{"line":199,"column":24},"end":{"line":202,"column":33}}],"line":193}},"s":{"0":1,"1":22,"2":22,"3":22,"4":30,"5":22,"6":30,"7":22,"8":30,"9":22,"10":22,"11":22,"12":22,"13":22,"14":22,"15":22,"16":22,"17":22,"18":8,"19":8,"20":3,"21":8,"22":3,"23":3,"24":22,"25":8,"26":8,"27":0,"28":0,"29":8,"30":22,"31":7,"32":2,"33":2,"34":5,"35":5,"36":5,"37":5,"38":5,"39":5,"40":0,"41":22,"42":1,"43":1,"44":1,"45":1,"46":1,"47":1,"48":0,"49":22,"50":9,"51":1,"52":9,"53":1,"54":1,"55":8,"56":22,"57":1,"58":0,"59":0,"60":1,"61":0,"62":1,"63":1,"64":1,"65":1,"66":1,"67":1,"68":0,"69":22,"70":1,"71":1,"72":1,"73":1,"74":1,"75":1,"76":0,"77":22,"78":1,"79":1,"80":1,"81":1,"82":1,"83":1,"84":1,"85":0,"86":22,"87":110,"88":1},"f":{"0":22,"1":30,"2":30,"3":30,"4":22,"5":8,"6":3,"7":8,"8":7,"9":1,"10":9,"11":1,"12":1,"13":1,"14":1,"15":110,"16":1},"b":{"0":[22,0],"1":[3,5],"2":[0,0],"3":[2,5],"4":[7,0],"5":[1,0],"6":[1,8],"7":[0,1],"8":[0,1],"9":[1,0],"10":[1,0],"11":[1,0],"12":[22,88],"13":[10,12],"14":[4,6],"15":[2,20]},"_coverageSchema":"1a1c01bbd47fc00a2c39e90264f33305004495a9","hash":"ba25481f349cad21f7634d1bc3ad2e0d48972d48"}
,"E:\\Book\\src\\components\\BookDetails\\Feedback.tsx": {"path":"E:\\Book\\src\\components\\BookDetails\\Feedback.tsx","statementMap":{"0":{"start":{"line":12,"column":2},"end":{"line":14,"column":25}},"1":{"start":{"line":13,"column":4},"end":{"line":13,"column":17}},"2":{"start":{"line":16,"column":2},"end":{"line":52,"column":4}},"3":{"start":{"line":20,"column":10},"end":{"line":44,"column":16}},"4":{"start":{"line":33,"column":18},"end":{"line":39,"column":25}}},"fnMap":{"0":{"name":"Feedback","decl":{"start":{"line":10,"column":9},"end":{"line":10,"column":17}},"loc":{"start":{"line":10,"column":69},"end":{"line":53,"column":1}},"line":10},"1":{"name":"(anonymous_1)","decl":{"start":{"line":12,"column":12},"end":{"line":12,"column":13}},"loc":{"start":{"line":12,"column":18},"end":{"line":14,"column":3}},"line":12},"2":{"name":"(anonymous_2)","decl":{"start":{"line":19,"column":20},"end":{"line":19,"column":21}},"loc":{"start":{"line":20,"column":10},"end":{"line":44,"column":16}},"line":20},"3":{"name":"(anonymous_3)","decl":{"start":{"line":32,"column":37},"end":{"line":32,"column":38}},"loc":{"start":{"line":33,"column":18},"end":{"line":39,"column":25}},"line":33}},"branchMap":{"0":{"loc":{"start":{"line":18,"column":7},"end":{"line":50,"column":7}},"type":"cond-expr","locations":[{"start":{"line":19,"column":8},"end":{"line":45,"column":10}},{"start":{"line":47,"column":8},"end":{"line":49,"column":14}}],"line":18},"1":{"loc":{"start":{"line":23,"column":17},"end":{"line":23,"column":88}},"type":"binary-expr","locations":[{"start":{"line":23,"column":17},"end":{"line":23,"column":81}},{"start":{"line":23,"column":85},"end":{"line":23,"column":88}}],"line":23},"2":{"loc":{"start":{"line":29,"column":17},"end":{"line":29,"column":61}},"type":"binary-expr","locations":[{"start":{"line":29,"column":17},"end":{"line":29,"column":41}},{"start":{"line":29,"column":45},"end":{"line":29,"column":61}}],"line":29},"3":{"loc":{"start":{"line":34,"column":21},"end":{"line":38,"column":21}},"type":"cond-expr","locations":[{"start":{"line":35,"column":22},"end":{"line":35,"column":64}},{"start":{"line":37,"column":22},"end":{"line":37,"column":66}}],"line":34}},"s":{"0":22,"1":8,"2":22,"3":0,"4":0},"f":{"0":22,"1":8,"2":0,"3":0},"b":{"0":[0,22],"1":[0,0],"2":[0,0],"3":[0,0]},"_coverageSchema":"1a1c01bbd47fc00a2c39e90264f33305004495a9","hash":"ff97d58bd8affe368d06776643518f4806ebdc00"}
,"E:\\Book\\src\\components\\BookDetails\\FeedbackForm.tsx": {"path":"E:\\Book\\src\\components\\BookDetails\\FeedbackForm.tsx","statementMap":{"0":{"start":{"line":11,"column":34},"end":{"line":11,"column":46}},"1":{"start":{"line":12,"column":32},"end":{"line":12,"column":43}},"2":{"start":{"line":13,"column":30},"end":{"line":13,"column":41}},"3":{"start":{"line":15,"column":4},"end":{"line":15,"column":44}},"4":{"start":{"line":17,"column":32},"end":{"line":28,"column":5}},"5":{"start":{"line":18,"column":8},"end":{"line":27,"column":9}},"6":{"start":{"line":19,"column":29},"end":{"line":19,"column":83}},"7":{"start":{"line":20,"column":12},"end":{"line":24,"column":13}},"8":{"start":{"line":21,"column":16},"end":{"line":21,"column":28}},"9":{"start":{"line":22,"column":16},"end":{"line":22,"column":30}},"10":{"start":{"line":23,"column":16},"end":{"line":23,"column":28}},"11":{"start":{"line":26,"column":12},"end":{"line":26,"column":58}},"12":{"start":{"line":30,"column":4},"end":{"line":65,"column":6}},"13":{"start":{"line":37,"column":24},"end":{"line":49,"column":33}},"14":{"start":{"line":39,"column":48},"end":{"line":39,"column":62}},"15":{"start":{"line":40,"column":48},"end":{"line":40,"column":59}},"16":{"start":{"line":41,"column":43},"end":{"line":41,"column":58}},"17":{"start":{"line":56,"column":37},"end":{"line":56,"column":63}}},"fnMap":{"0":{"name":"FeedbackForm","decl":{"start":{"line":10,"column":9},"end":{"line":10,"column":21}},"loc":{"start":{"line":10,"column":70},"end":{"line":66,"column":1}},"line":10},"1":{"name":"(anonymous_1)","decl":{"start":{"line":17,"column":32},"end":{"line":17,"column":33}},"loc":{"start":{"line":17,"column":44},"end":{"line":28,"column":5}},"line":17},"2":{"name":"(anonymous_2)","decl":{"start":{"line":36,"column":41},"end":{"line":36,"column":42}},"loc":{"start":{"line":37,"column":24},"end":{"line":49,"column":33}},"line":37},"3":{"name":"(anonymous_3)","decl":{"start":{"line":39,"column":42},"end":{"line":39,"column":43}},"loc":{"start":{"line":39,"column":48},"end":{"line":39,"column":62}},"line":39},"4":{"name":"(anonymous_4)","decl":{"start":{"line":40,"column":42},"end":{"line":40,"column":43}},"loc":{"start":{"line":40,"column":48},"end":{"line":40,"column":59}},"line":40},"5":{"name":"(anonymous_5)","decl":{"start":{"line":41,"column":37},"end":{"line":41,"column":38}},"loc":{"start":{"line":41,"column":43},"end":{"line":41,"column":58}},"line":41},"6":{"name":"(anonymous_6)","decl":{"start":{"line":56,"column":30},"end":{"line":56,"column":31}},"loc":{"start":{"line":56,"column":37},"end":{"line":56,"column":63}},"line":56}},"branchMap":{"0":{"loc":{"start":{"line":20,"column":12},"end":{"line":24,"column":13}},"type":"if","locations":[{"start":{"line":20,"column":12},"end":{"line":24,"column":13}},{"start":{},"end":{}}],"line":20},"1":{"loc":{"start":{"line":44,"column":29},"end":{"line":48,"column":29}},"type":"cond-expr","locations":[{"start":{"line":45,"column":32},"end":{"line":45,"column":74}},{"start":{"line":47,"column":32},"end":{"line":47,"column":76}}],"line":44},"2":{"loc":{"start":{"line":44,"column":38},"end":{"line":44,"column":53}},"type":"binary-expr","locations":[{"start":{"line":44,"column":38},"end":{"line":44,"column":43}},{"start":{"line":44,"column":47},"end":{"line":44,"column":53}}],"line":44}},"s":{"0":30,"1":30,"2":30,"3":30,"4":30,"5":1,"6":1,"7":0,"8":0,"9":0,"10":0,"11":1,"12":30,"13":150,"14":0,"15":0,"16":2,"17":2},"f":{"0":30,"1":1,"2":150,"3":0,"4":0,"5":2,"6":2},"b":{"0":[0,0],"1":[7,143],"2":[150,150]},"_coverageSchema":"1a1c01bbd47fc00a2c39e90264f33305004495a9","hash":"ca9a19d952b78bf83a031be5b236043d8838404d"}
,"E:\\Book\\src\\components\\Cart\\AddressDetails.tsx": {"path":"E:\\Book\\src\\components\\Cart\\AddressDetails.tsx","statementMap":{"0":{"start":{"line":3,"column":25},"end":{"line":16,"column":1}},"1":{"start":{"line":23,"column":23},"end":{"line":346,"column":1}},"2":{"start":{"line":24,"column":50},"end":{"line":24,"column":61}},"3":{"start":{"line":25,"column":42},"end":{"line":25,"column":66}},"4":{"start":{"line":26,"column":28},"end":{"line":26,"column":80}},"5":{"start":{"line":27,"column":56},"end":{"line":27,"column":80}},"6":{"start":{"line":28,"column":42},"end":{"line":33,"column":6}},"7":{"start":{"line":34,"column":48},"end":{"line":39,"column":6}},"8":{"start":{"line":41,"column":25},"end":{"line":46,"column":5}},"9":{"start":{"line":42,"column":8},"end":{"line":45,"column":11}},"10":{"start":{"line":48,"column":35},"end":{"line":53,"column":5}},"11":{"start":{"line":49,"column":8},"end":{"line":52,"column":11}},"12":{"start":{"line":55,"column":30},"end":{"line":60,"column":5}},"13":{"start":{"line":56,"column":8},"end":{"line":59,"column":11}},"14":{"start":{"line":62,"column":40},"end":{"line":67,"column":5}},"15":{"start":{"line":63,"column":8},"end":{"line":66,"column":11}},"16":{"start":{"line":69,"column":32},"end":{"line":78,"column":5}},"17":{"start":{"line":70,"column":8},"end":{"line":70,"column":34}},"18":{"start":{"line":71,"column":8},"end":{"line":71,"column":30}},"19":{"start":{"line":72,"column":8},"end":{"line":77,"column":11}},"20":{"start":{"line":80,"column":32},"end":{"line":83,"column":5}},"21":{"start":{"line":81,"column":8},"end":{"line":81,"column":36}},"22":{"start":{"line":82,"column":8},"end":{"line":82,"column":30}},"23":{"start":{"line":85,"column":33},"end":{"line":87,"column":5}},"24":{"start":{"line":86,"column":8},"end":{"line":86,"column":37}},"25":{"start":{"line":89,"column":4},"end":{"line":345,"column":6}},"26":{"start":{"line":108,"column":45},"end":{"line":108,"column":68}},"27":{"start":{"line":130,"column":51},"end":{"line":130,"column":79}},"28":{"start":{"line":221,"column":20},"end":{"line":332,"column":26}},"29":{"start":{"line":226,"column":44},"end":{"line":226,"column":70}},"30":{"start":{"line":236,"column":63},"end":{"line":236,"column":91}},"31":{"start":{"line":337,"column":39},"end":{"line":337,"column":60}}},"fnMap":{"0":{"name":"(anonymous_0)","decl":{"start":{"line":23,"column":23},"end":{"line":23,"column":24}},"loc":{"start":{"line":23,"column":83},"end":{"line":346,"column":1}},"line":23},"1":{"name":"(anonymous_1)","decl":{"start":{"line":41,"column":25},"end":{"line":41,"column":26}},"loc":{"start":{"line":41,"column":85},"end":{"line":46,"column":5}},"line":41},"2":{"name":"(anonymous_2)","decl":{"start":{"line":48,"column":35},"end":{"line":48,"column":36}},"loc":{"start":{"line":48,"column":95},"end":{"line":53,"column":5}},"line":48},"3":{"name":"(anonymous_3)","decl":{"start":{"line":55,"column":30},"end":{"line":55,"column":31}},"loc":{"start":{"line":55,"column":68},"end":{"line":60,"column":5}},"line":55},"4":{"name":"(anonymous_4)","decl":{"start":{"line":62,"column":40},"end":{"line":62,"column":41}},"loc":{"start":{"line":62,"column":78},"end":{"line":67,"column":5}},"line":62},"5":{"name":"(anonymous_5)","decl":{"start":{"line":69,"column":32},"end":{"line":69,"column":33}},"loc":{"start":{"line":69,"column":51},"end":{"line":78,"column":5}},"line":69},"6":{"name":"(anonymous_6)","decl":{"start":{"line":80,"column":32},"end":{"line":80,"column":33}},"loc":{"start":{"line":80,"column":38},"end":{"line":83,"column":5}},"line":80},"7":{"name":"(anonymous_7)","decl":{"start":{"line":85,"column":33},"end":{"line":85,"column":34}},"loc":{"start":{"line":85,"column":39},"end":{"line":87,"column":5}},"line":85},"8":{"name":"(anonymous_8)","decl":{"start":{"line":108,"column":38},"end":{"line":108,"column":39}},"loc":{"start":{"line":108,"column":45},"end":{"line":108,"column":68}},"line":108},"9":{"name":"(anonymous_9)","decl":{"start":{"line":130,"column":45},"end":{"line":130,"column":46}},"loc":{"start":{"line":130,"column":51},"end":{"line":130,"column":79}},"line":130},"10":{"name":"(anonymous_10)","decl":{"start":{"line":220,"column":38},"end":{"line":220,"column":39}},"loc":{"start":{"line":221,"column":20},"end":{"line":332,"column":26}},"line":221},"11":{"name":"(anonymous_11)","decl":{"start":{"line":226,"column":38},"end":{"line":226,"column":39}},"loc":{"start":{"line":226,"column":44},"end":{"line":226,"column":70}},"line":226},"12":{"name":"(anonymous_12)","decl":{"start":{"line":236,"column":57},"end":{"line":236,"column":58}},"loc":{"start":{"line":236,"column":63},"end":{"line":236,"column":91}},"line":236},"13":{"name":"(anonymous_13)","decl":{"start":{"line":337,"column":33},"end":{"line":337,"column":34}},"loc":{"start":{"line":337,"column":39},"end":{"line":337,"column":60}},"line":337}},"branchMap":{"0":{"loc":{"start":{"line":26,"column":45},"end":{"line":26,"column":79}},"type":"binary-expr","locations":[{"start":{"line":26,"column":45},"end":{"line":26,"column":73}},{"start":{"line":26,"column":77},"end":{"line":26,"column":79}}],"line":26},"1":{"loc":{"start":{"line":124,"column":17},"end":{"line":217,"column":17}},"type":"binary-expr","locations":[{"start":{"line":124,"column":17},"end":{"line":124,"column":35}},{"start":{"line":125,"column":20},"end":{"line":216,"column":26}}],"line":124},"2":{"loc":{"start":{"line":230,"column":29},"end":{"line":330,"column":29}},"type":"cond-expr","locations":[{"start":{"line":231,"column":32},"end":{"line":327,"column":38}},{"start":{"line":329,"column":32},"end":{"line":329,"column":127}}],"line":230},"3":{"loc":{"start":{"line":239,"column":49},"end":{"line":239,"column":80}},"type":"cond-expr","locations":[{"start":{"line":239,"column":63},"end":{"line":239,"column":71}},{"start":{"line":239,"column":74},"end":{"line":239,"column":80}}],"line":239},"4":{"loc":{"start":{"line":242,"column":41},"end":{"line":248,"column":41}},"type":"binary-expr","locations":[{"start":{"line":242,"column":41},"end":{"line":242,"column":52}},{"start":{"line":243,"column":44},"end":{"line":247,"column":50}}],"line":242},"5":{"loc":{"start":{"line":257,"column":131},"end":{"line":257,"column":172}},"type":"cond-expr","locations":[{"start":{"line":257,"column":145},"end":{"line":257,"column":155}},{"start":{"line":257,"column":158},"end":{"line":257,"column":172}}],"line":257},"6":{"loc":{"start":{"line":268,"column":126},"end":{"line":268,"column":167}},"type":"cond-expr","locations":[{"start":{"line":268,"column":140},"end":{"line":268,"column":150}},{"start":{"line":268,"column":153},"end":{"line":268,"column":167}}],"line":268},"7":{"loc":{"start":{"line":279,"column":126},"end":{"line":279,"column":167}},"type":"cond-expr","locations":[{"start":{"line":279,"column":140},"end":{"line":279,"column":150}},{"start":{"line":279,"column":153},"end":{"line":279,"column":167}}],"line":279},"8":{"loc":{"start":{"line":338,"column":38},"end":{"line":338,"column":66}},"type":"cond-expr","locations":[{"start":{"line":338,"column":53},"end":{"line":338,"column":61}},{"start":{"line":338,"column":64},"end":{"line":338,"column":66}}],"line":338}},"s":{"0":1,"1":1,"2":18,"3":18,"4":18,"5":18,"6":18,"7":18,"8":18,"9":1,"10":18,"11":1,"12":18,"13":1,"14":18,"15":0,"16":18,"17":0,"18":0,"19":0,"20":18,"21":1,"22":1,"23":18,"24":0,"25":18,"26":1,"27":0,"28":36,"29":0,"30":4,"31":1},"f":{"0":18,"1":1,"2":1,"3":1,"4":0,"5":0,"6":1,"7":0,"8":1,"9":0,"10":36,"11":0,"12":4,"13":1},"b":{"0":[18,0],"1":[18,2],"2":[18,18],"3":[4,14],"4":[18,4],"5":[4,14],"6":[4,14],"7":[4,14],"8":[0,18]},"_coverageSchema":"1a1c01bbd47fc00a2c39e90264f33305004495a9","hash":"78365138c7cd5fc8861c534623ccf8ab844f189a"}
,"E:\\Book\\src\\components\\Common\\BookLongCard.tsx": {"path":"E:\\Book\\src\\components\\Common\\BookLongCard.tsx","statementMap":{"0":{"start":{"line":16,"column":21},"end":{"line":16,"column":34}},"1":{"start":{"line":18,"column":23},"end":{"line":32,"column":5}},"2":{"start":{"line":19,"column":8},"end":{"line":19,"column":35}},"3":{"start":{"line":19,"column":25},"end":{"line":19,"column":35}},"4":{"start":{"line":21,"column":21},"end":{"line":21,"column":41}},"5":{"start":{"line":23,"column":8},"end":{"line":23,"column":53}},"6":{"start":{"line":23,"column":35},"end":{"line":23,"column":53}},"7":{"start":{"line":25,"column":52},"end":{"line":29,"column":9}},"8":{"start":{"line":31,"column":8},"end":{"line":31,"column":57}},"9":{"start":{"line":34,"column":31},"end":{"line":46,"column":5}},"10":{"start":{"line":35,"column":8},"end":{"line":45,"column":9}},"11":{"start":{"line":36,"column":29},"end":{"line":36,"column":59}},"12":{"start":{"line":37,"column":12},"end":{"line":41,"column":13}},"13":{"start":{"line":38,"column":16},"end":{"line":38,"column":60}},"14":{"start":{"line":39,"column":16},"end":{"line":39,"column":51}},"15":{"start":{"line":40,"column":16},"end":{"line":40,"column":35}},"16":{"start":{"line":43,"column":12},"end":{"line":43,"column":69}},"17":{"start":{"line":44,"column":12},"end":{"line":44,"column":63}},"18":{"start":{"line":48,"column":4},"end":{"line":85,"column":5}}},"fnMap":{"0":{"name":"BookLongCard","decl":{"start":{"line":15,"column":9},"end":{"line":15,"column":21}},"loc":{"start":{"line":15,"column":80},"end":{"line":86,"column":1}},"line":15},"1":{"name":"(anonymous_1)","decl":{"start":{"line":18,"column":23},"end":{"line":18,"column":24}},"loc":{"start":{"line":18,"column":47},"end":{"line":32,"column":5}},"line":18},"2":{"name":"(anonymous_2)","decl":{"start":{"line":34,"column":31},"end":{"line":34,"column":32}},"loc":{"start":{"line":34,"column":43},"end":{"line":46,"column":5}},"line":34}},"branchMap":{"0":{"loc":{"start":{"line":19,"column":8},"end":{"line":19,"column":35}},"type":"if","locations":[{"start":{"line":19,"column":8},"end":{"line":19,"column":35}},{"start":{},"end":{}}],"line":19},"1":{"loc":{"start":{"line":23,"column":8},"end":{"line":23,"column":53}},"type":"if","locations":[{"start":{"line":23,"column":8},"end":{"line":23,"column":53}},{"start":{},"end":{}}],"line":23},"2":{"loc":{"start":{"line":37,"column":12},"end":{"line":41,"column":13}},"type":"if","locations":[{"start":{"line":37,"column":12},"end":{"line":41,"column":13}},{"start":{},"end":{}}],"line":37},"3":{"loc":{"start":{"line":49,"column":61},"end":{"line":49,"column":118}},"type":"cond-expr","locations":[{"start":{"line":49,"column":88},"end":{"line":49,"column":102}},{"start":{"line":49,"column":105},"end":{"line":49,"column":118}}],"line":49},"4":{"loc":{"start":{"line":49,"column":156},"end":{"line":49,"column":222}},"type":"cond-expr","locations":[{"start":{"line":49,"column":183},"end":{"line":49,"column":201}},{"start":{"line":49,"column":204},"end":{"line":49,"column":222}}],"line":49},"5":{"loc":{"start":{"line":65,"column":20},"end":{"line":74,"column":21}},"type":"binary-expr","locations":[{"start":{"line":65,"column":20},"end":{"line":65,"column":41}},{"start":{"line":66,"column":24},"end":{"line":73,"column":30}}],"line":65},"6":{"loc":{"start":{"line":77,"column":20},"end":{"line":81,"column":21}},"type":"binary-expr","locations":[{"start":{"line":77,"column":20},"end":{"line":77,"column":44}},{"start":{"line":78,"column":24},"end":{"line":80,"column":33}}],"line":77}},"s":{"0":3,"1":3,"2":1,"3":0,"4":1,"5":1,"6":0,"7":1,"8":1,"9":3,"10":1,"11":1,"12":1,"13":1,"14":1,"15":1,"16":0,"17":0,"18":3},"f":{"0":3,"1":1,"2":1},"b":{"0":[0,1],"1":[0,1],"2":[1,0],"3":[1,2],"4":[1,2],"5":[3,1],"6":[3,1]},"_coverageSchema":"1a1c01bbd47fc00a2c39e90264f33305004495a9","hash":"ce00e54e39278c6834e20342c16cd17d5892fd1f"}
,"E:\\Book\\src\\components\\Common\\Breadcrumbs.tsx": {"path":"E:\\Book\\src\\components\\Common\\Breadcrumbs.tsx","statementMap":{"0":{"start":{"line":8,"column":27},"end":{"line":20,"column":1}},"1":{"start":{"line":9,"column":66},"end":{"line":15,"column":3}},"2":{"start":{"line":17,"column":2},"end":{"line":19,"column":11}},"3":{"start":{"line":22,"column":20},"end":{"line":37,"column":1}},"4":{"start":{"line":23,"column":2},"end":{"line":36,"column":4}}},"fnMap":{"0":{"name":"(anonymous_0)","decl":{"start":{"line":8,"column":27},"end":{"line":8,"column":28}},"loc":{"start":{"line":8,"column":50},"end":{"line":20,"column":1}},"line":8},"1":{"name":"(anonymous_1)","decl":{"start":{"line":22,"column":20},"end":{"line":22,"column":21}},"loc":{"start":{"line":22,"column":57},"end":{"line":37,"column":1}},"line":22}},"branchMap":{"0":{"loc":{"start":{"line":17,"column":9},"end":{"line":19,"column":10}},"type":"cond-expr","locations":[{"start":{"line":18,"column":8},"end":{"line":18,"column":126}},{"start":{"line":19,"column":8},"end":{"line":19,"column":10}}],"line":17},"1":{"loc":{"start":{"line":17,"column":16},"end":{"line":17,"column":31}},"type":"binary-expr","locations":[{"start":{"line":17,"column":16},"end":{"line":17,"column":25}},{"start":{"line":17,"column":29},"end":{"line":17,"column":31}}],"line":17},"2":{"loc":{"start":{"line":18,"column":24},"end":{"line":18,"column":39}},"type":"binary-expr","locations":[{"start":{"line":18,"column":24},"end":{"line":18,"column":33}},{"start":{"line":18,"column":37},"end":{"line":18,"column":39}}],"line":18},"3":{"loc":{"start":{"line":18,"column":95},"end":{"line":18,"column":110}},"type":"binary-expr","locations":[{"start":{"line":18,"column":95},"end":{"line":18,"column":104}},{"start":{"line":18,"column":108},"end":{"line":18,"column":110}}],"line":18},"4":{"loc":{"start":{"line":31,"column":48},"end":{"line":31,"column":63}},"type":"binary-expr","locations":[{"start":{"line":31,"column":48},"end":{"line":31,"column":57}},{"start":{"line":31,"column":61},"end":{"line":31,"column":63}}],"line":31}},"s":{"0":1,"1":11,"2":11,"3":1,"4":11},"f":{"0":11,"1":11},"b":{"0":[10,1],"1":[11,0],"2":[10,0],"3":[10,0],"4":[11,1]},"_coverageSchema":"1a1c01bbd47fc00a2c39e90264f33305004495a9","hash":"c4a51edde03aa7cfabdb238062f304806b4f7340"}
,"E:\\Book\\src\\components\\Common\\Footer.tsx": {"path":"E:\\Book\\src\\components\\Common\\Footer.tsx","statementMap":{"0":{"start":{"line":3,"column":15},"end":{"line":12,"column":1}},"1":{"start":{"line":4,"column":4},"end":{"line":10,"column":5}}},"fnMap":{"0":{"name":"(anonymous_0)","decl":{"start":{"line":3,"column":15},"end":{"line":3,"column":16}},"loc":{"start":{"line":3,"column":21},"end":{"line":12,"column":1}},"line":3}},"branchMap":{},"s":{"0":2,"1":3},"f":{"0":3},"b":{},"_coverageSchema":"1a1c01bbd47fc00a2c39e90264f33305004495a9","hash":"bd2342d8661c643c4137e936275bb96e1cbbb0b8"}
,"E:\\Book\\src\\components\\Common\\ProfileDropdown.tsx": {"path":"E:\\Book\\src\\components\\Common\\ProfileDropdown.tsx","statementMap":{"0":{"start":{"line":9,"column":42},"end":{"line":9,"column":71}},"1":{"start":{"line":10,"column":28},"end":{"line":10,"column":43}},"2":{"start":{"line":13,"column":4},"end":{"line":28,"column":11}},"3":{"start":{"line":15,"column":8},"end":{"line":15,"column":53}},"4":{"start":{"line":17,"column":36},"end":{"line":19,"column":9}},"5":{"start":{"line":18,"column":12},"end":{"line":18,"column":57}},"6":{"start":{"line":22,"column":8},"end":{"line":22,"column":64}},"7":{"start":{"line":25,"column":8},"end":{"line":27,"column":10}},"8":{"start":{"line":26,"column":12},"end":{"line":26,"column":71}},"9":{"start":{"line":31,"column":25},"end":{"line":35,"column":5}},"10":{"start":{"line":32,"column":8},"end":{"line":32,"column":17}},"11":{"start":{"line":33,"column":8},"end":{"line":33,"column":29}},"12":{"start":{"line":34,"column":8},"end":{"line":34,"column":23}},"13":{"start":{"line":38,"column":8},"end":{"line":52,"column":14}},"14":{"start":{"line":56,"column":8},"end":{"line":68,"column":14}},"15":{"start":{"line":71,"column":4},"end":{"line":86,"column":6}}},"fnMap":{"0":{"name":"ProfileDropdown","decl":{"start":{"line":8,"column":9},"end":{"line":8,"column":24}},"loc":{"start":{"line":8,"column":58},"end":{"line":87,"column":1}},"line":8},"1":{"name":"(anonymous_1)","decl":{"start":{"line":13,"column":14},"end":{"line":13,"column":15}},"loc":{"start":{"line":13,"column":20},"end":{"line":28,"column":5}},"line":13},"2":{"name":"(anonymous_2)","decl":{"start":{"line":17,"column":36},"end":{"line":17,"column":37}},"loc":{"start":{"line":17,"column":42},"end":{"line":19,"column":9}},"line":17},"3":{"name":"(anonymous_3)","decl":{"start":{"line":25,"column":15},"end":{"line":25,"column":16}},"loc":{"start":{"line":25,"column":21},"end":{"line":27,"column":9}},"line":25},"4":{"name":"(anonymous_4)","decl":{"start":{"line":31,"column":25},"end":{"line":31,"column":26}},"loc":{"start":{"line":31,"column":31},"end":{"line":35,"column":5}},"line":31}},"branchMap":{"0":{"loc":{"start":{"line":74,"column":21},"end":{"line":74,"column":65}},"type":"cond-expr","locations":[{"start":{"line":74,"column":35},"end":{"line":74,"column":50}},{"start":{"line":74,"column":53},"end":{"line":74,"column":65}}],"line":74},"1":{"loc":{"start":{"line":83,"column":72},"end":{"line":83,"column":96}},"type":"binary-expr","locations":[{"start":{"line":83,"column":72},"end":{"line":83,"column":83}},{"start":{"line":83,"column":87},"end":{"line":83,"column":96}}],"line":83}},"s":{"0":10,"1":10,"2":10,"3":3,"4":3,"5":0,"6":3,"7":3,"8":3,"9":10,"10":1,"11":1,"12":1,"13":10,"14":10,"15":10},"f":{"0":10,"1":3,"2":0,"3":3,"4":1},"b":{"0":[4,6],"1":[10,6]},"_coverageSchema":"1a1c01bbd47fc00a2c39e90264f33305004495a9","hash":"77e4a1eff620aff3dbadcd10e936d8caa520d849"}
,"E:\\Book\\src\\components\\Profile\\AddressForm.tsx": {"path":"E:\\Book\\src\\components\\Profile\\AddressForm.tsx","statementMap":{"0":{"start":{"line":4,"column":21},"end":{"line":17,"column":1}},"1":{"start":{"line":19,"column":20},"end":{"line":39,"column":1}},"2":{"start":{"line":20,"column":4},"end":{"line":38,"column":5}},"3":{"start":{"line":29,"column":24},"end":{"line":33,"column":25}}},"fnMap":{"0":{"name":"(anonymous_0)","decl":{"start":{"line":19,"column":20},"end":{"line":19,"column":21}},"loc":{"start":{"line":19,"column":26},"end":{"line":39,"column":1}},"line":19},"1":{"name":"(anonymous_1)","decl":{"start":{"line":28,"column":37},"end":{"line":28,"column":38}},"loc":{"start":{"line":28,"column":57},"end":{"line":34,"column":21}},"line":28}},"branchMap":{},"s":{"0":1,"1":1,"2":4,"3":8},"f":{"0":4,"1":8},"b":{},"_coverageSchema":"1a1c01bbd47fc00a2c39e90264f33305004495a9","hash":"9df85264e3bba4c54546b151287ba28cbee6fe29"}
,"E:\\Book\\src\\components\\Profile\\AddressList.tsx": {"path":"E:\\Book\\src\\components\\Profile\\AddressList.tsx","statementMap":{"0":{"start":{"line":10,"column":42},"end":{"line":10,"column":72}},"1":{"start":{"line":11,"column":42},"end":{"line":16,"column":6}},"2":{"start":{"line":18,"column":25},"end":{"line":23,"column":5}},"3":{"start":{"line":19,"column":8},"end":{"line":22,"column":10}},"4":{"start":{"line":25,"column":30},"end":{"line":30,"column":5}},"5":{"start":{"line":26,"column":8},"end":{"line":29,"column":10}},"6":{"start":{"line":32,"column":4},"end":{"line":127,"column":5}},"7":{"start":{"line":38,"column":24},"end":{"line":38,"column":82}}},"fnMap":{"0":{"name":"AddressList","decl":{"start":{"line":8,"column":9},"end":{"line":8,"column":20}},"loc":{"start":{"line":8,"column":59},"end":{"line":128,"column":1}},"line":8},"1":{"name":"(anonymous_1)","decl":{"start":{"line":18,"column":25},"end":{"line":18,"column":26}},"loc":{"start":{"line":18,"column":85},"end":{"line":23,"column":5}},"line":18},"2":{"name":"(anonymous_2)","decl":{"start":{"line":25,"column":30},"end":{"line":25,"column":31}},"loc":{"start":{"line":25,"column":103},"end":{"line":30,"column":5}},"line":25},"3":{"name":"(anonymous_3)","decl":{"start":{"line":37,"column":37},"end":{"line":37,"column":38}},"loc":{"start":{"line":37,"column":43},"end":{"line":39,"column":21}},"line":37}},"branchMap":{"0":{"loc":{"start":{"line":38,"column":24},"end":{"line":38,"column":82}},"type":"cond-expr","locations":[{"start":{"line":38,"column":38},"end":{"line":38,"column":59}},{"start":{"line":38,"column":62},"end":{"line":38,"column":82}}],"line":38},"1":{"loc":{"start":{"line":39,"column":88},"end":{"line":39,"column":119}},"type":"cond-expr","locations":[{"start":{"line":39,"column":102},"end":{"line":39,"column":110}},{"start":{"line":39,"column":113},"end":{"line":39,"column":119}}],"line":39},"2":{"loc":{"start":{"line":42,"column":20},"end":{"line":46,"column":21}},"type":"binary-expr","locations":[{"start":{"line":42,"column":20},"end":{"line":42,"column":31}},{"start":{"line":43,"column":24},"end":{"line":45,"column":30}}],"line":42},"3":{"loc":{"start":{"line":56,"column":107},"end":{"line":56,"column":148}},"type":"cond-expr","locations":[{"start":{"line":56,"column":121},"end":{"line":56,"column":131}},{"start":{"line":56,"column":134},"end":{"line":56,"column":148}}],"line":56},"4":{"loc":{"start":{"line":67,"column":102},"end":{"line":67,"column":143}},"type":"cond-expr","locations":[{"start":{"line":67,"column":116},"end":{"line":67,"column":126}},{"start":{"line":67,"column":129},"end":{"line":67,"column":143}}],"line":67},"5":{"loc":{"start":{"line":78,"column":102},"end":{"line":78,"column":143}},"type":"cond-expr","locations":[{"start":{"line":78,"column":116},"end":{"line":78,"column":126}},{"start":{"line":78,"column":129},"end":{"line":78,"column":143}}],"line":78}},"s":{"0":12,"1":12,"2":12,"3":1,"4":12,"5":1,"6":12,"7":5},"f":{"0":12,"1":1,"2":1,"3":5},"b":{"0":[1,4],"1":[6,6],"2":[12,6],"3":[6,6],"4":[6,6],"5":[6,6]},"_coverageSchema":"1a1c01bbd47fc00a2c39e90264f33305004495a9","hash":"3b2b0e4b3516ed2ec6c8d837ba1a4e0bb67cece7"}
,"E:\\Book\\src\\components\\Profile\\ProfileEditForm.tsx": {"path":"E:\\Book\\src\\components\\Profile\\ProfileEditForm.tsx","statementMap":{"0":{"start":{"line":3,"column":19},"end":{"line":8,"column":1}},"1":{"start":{"line":12,"column":58},"end":{"line":12,"column":82}},"2":{"start":{"line":13,"column":36},"end":{"line":13,"column":61}},"3":{"start":{"line":15,"column":25},"end":{"line":21,"column":5}},"4":{"start":{"line":16,"column":30},"end":{"line":16,"column":38}},"5":{"start":{"line":17,"column":8},"end":{"line":20,"column":11}},"6":{"start":{"line":23,"column":4},"end":{"line":59,"column":5}},"7":{"start":{"line":29,"column":24},"end":{"line":29,"column":106}}},"fnMap":{"0":{"name":"ProfileEditForm","decl":{"start":{"line":10,"column":9},"end":{"line":10,"column":24}},"loc":{"start":{"line":10,"column":27},"end":{"line":60,"column":1}},"line":10},"1":{"name":"(anonymous_1)","decl":{"start":{"line":15,"column":25},"end":{"line":15,"column":26}},"loc":{"start":{"line":15,"column":69},"end":{"line":21,"column":5}},"line":15},"2":{"name":"(anonymous_2)","decl":{"start":{"line":28,"column":37},"end":{"line":28,"column":38}},"loc":{"start":{"line":28,"column":42},"end":{"line":30,"column":21}},"line":28}},"branchMap":{"0":{"loc":{"start":{"line":29,"column":24},"end":{"line":29,"column":106}},"type":"cond-expr","locations":[{"start":{"line":29,"column":46},"end":{"line":29,"column":75}},{"start":{"line":29,"column":78},"end":{"line":29,"column":106}}],"line":29},"1":{"loc":{"start":{"line":30,"column":88},"end":{"line":30,"column":127}},"type":"cond-expr","locations":[{"start":{"line":30,"column":110},"end":{"line":30,"column":118}},{"start":{"line":30,"column":121},"end":{"line":30,"column":127}}],"line":30},"2":{"loc":{"start":{"line":33,"column":20},"end":{"line":37,"column":21}},"type":"binary-expr","locations":[{"start":{"line":33,"column":20},"end":{"line":33,"column":39}},{"start":{"line":34,"column":24},"end":{"line":36,"column":30}}],"line":33},"3":{"loc":{"start":{"line":43,"column":159},"end":{"line":43,"column":235}},"type":"cond-expr","locations":[{"start":{"line":43,"column":182},"end":{"line":43,"column":211}},{"start":{"line":43,"column":214},"end":{"line":43,"column":235}}],"line":43},"4":{"loc":{"start":{"line":47,"column":156},"end":{"line":47,"column":232}},"type":"cond-expr","locations":[{"start":{"line":47,"column":179},"end":{"line":47,"column":208}},{"start":{"line":47,"column":211},"end":{"line":47,"column":232}}],"line":47},"5":{"loc":{"start":{"line":51,"column":159},"end":{"line":51,"column":235}},"type":"cond-expr","locations":[{"start":{"line":51,"column":182},"end":{"line":51,"column":211}},{"start":{"line":51,"column":214},"end":{"line":51,"column":235}}],"line":51},"6":{"loc":{"start":{"line":55,"column":175},"end":{"line":55,"column":251}},"type":"cond-expr","locations":[{"start":{"line":55,"column":198},"end":{"line":55,"column":227}},{"start":{"line":55,"column":230},"end":{"line":55,"column":251}}],"line":55}},"s":{"0":1,"1":13,"2":13,"3":13,"4":4,"5":4,"6":13,"7":2},"f":{"0":13,"1":4,"2":2},"b":{"0":[0,2],"1":[2,11],"2":[13,2],"3":[11,2],"4":[11,2],"5":[11,2],"6":[11,2]},"_coverageSchema":"1a1c01bbd47fc00a2c39e90264f33305004495a9","hash":"b33cab8d85c6af6d84f8344f19df3bd772de593c"}
,"E:\\Book\\src\\pages\\AuthRoutes.tsx": {"path":"E:\\Book\\src\\pages\\AuthRoutes.tsx","statementMap":{"0":{"start":{"line":8,"column":19},"end":{"line":13,"column":1}},"1":{"start":{"line":10,"column":18},"end":{"line":10,"column":47}},"2":{"start":{"line":12,"column":4},"end":{"line":12,"column":57}}},"fnMap":{"0":{"name":"(anonymous_0)","decl":{"start":{"line":8,"column":19},"end":{"line":8,"column":20}},"loc":{"start":{"line":8,"column":52},"end":{"line":13,"column":1}},"line":8}},"branchMap":{"0":{"loc":{"start":{"line":12,"column":11},"end":{"line":12,"column":57}},"type":"cond-expr","locations":[{"start":{"line":12,"column":19},"end":{"line":12,"column":39}},{"start":{"line":12,"column":42},"end":{"line":12,"column":57}}],"line":12}},"s":{"0":1,"1":2,"2":2},"f":{"0":2},"b":{"0":[1,1]},"_coverageSchema":"1a1c01bbd47fc00a2c39e90264f33305004495a9","hash":"aaa5c4015322b58f4ca862ef3135b23a072722ea"}
,"E:\\Book\\src\\pages\\BookPage.tsx": {"path":"E:\\Book\\src\\pages\\BookPage.tsx","statementMap":{"0":{"start":{"line":6,"column":17},"end":{"line":16,"column":1}},"1":{"start":{"line":7,"column":4},"end":{"line":15,"column":5}}},"fnMap":{"0":{"name":"(anonymous_0)","decl":{"start":{"line":6,"column":17},"end":{"line":6,"column":18}},"loc":{"start":{"line":6,"column":23},"end":{"line":16,"column":1}},"line":6}},"branchMap":{},"s":{"0":1,"1":1},"f":{"0":1},"b":{},"_coverageSchema":"1a1c01bbd47fc00a2c39e90264f33305004495a9","hash":"37742624156b4294b719370ddbc2a0fa852b13db"}
,"E:\\Book\\src\\pages\\ForgotPassword.tsx": {"path":"E:\\Book\\src\\pages\\ForgotPassword.tsx","statementMap":{"0":{"start":{"line":5,"column":23},"end":{"line":29,"column":1}},"1":{"start":{"line":6,"column":4},"end":{"line":28,"column":5}}},"fnMap":{"0":{"name":"(anonymous_0)","decl":{"start":{"line":5,"column":23},"end":{"line":5,"column":24}},"loc":{"start":{"line":5,"column":29},"end":{"line":29,"column":1}},"line":5}},"branchMap":{},"s":{"0":1,"1":3},"f":{"0":3},"b":{},"_coverageSchema":"1a1c01bbd47fc00a2c39e90264f33305004495a9","hash":"980bc35589eab9cdd87c48204ea9c4a065cc9f33"}
,"E:\\Book\\src\\pages\\Home.tsx": {"path":"E:\\Book\\src\\pages\\Home.tsx","statementMap":{"0":{"start":{"line":6,"column":13},"end":{"line":14,"column":1}},"1":{"start":{"line":7,"column":4},"end":{"line":13,"column":5}}},"fnMap":{"0":{"name":"(anonymous_0)","decl":{"start":{"line":6,"column":13},"end":{"line":6,"column":14}},"loc":{"start":{"line":6,"column":19},"end":{"line":14,"column":1}},"line":6}},"branchMap":{},"s":{"0":1,"1":4},"f":{"0":4},"b":{},"_coverageSchema":"1a1c01bbd47fc00a2c39e90264f33305004495a9","hash":"5ff18549eff45b76cb9e5d83a82dbd204e48afe2"}
,"E:\\Book\\src\\pages\\Login.tsx": {"path":"E:\\Book\\src\\pages\\Login.tsx","statementMap":{"0":{"start":{"line":5,"column":2},"end":{"line":9,"column":3}}},"fnMap":{"0":{"name":"Login","decl":{"start":{"line":4,"column":9},"end":{"line":4,"column":14}},"loc":{"start":{"line":4,"column":17},"end":{"line":10,"column":1}},"line":4}},"branchMap":{},"s":{"0":1},"f":{"0":1},"b":{},"_coverageSchema":"1a1c01bbd47fc00a2c39e90264f33305004495a9","hash":"986d18124364c8fddb914ee45bb3c7037bfa9202"}
,"E:\\Book\\src\\pages\\OrderConfirmation.tsx": {"path":"E:\\Book\\src\\pages\\OrderConfirmation.tsx","statementMap":{"0":{"start":{"line":7,"column":23},"end":{"line":11,"column":1}},"1":{"start":{"line":13,"column":26},"end":{"line":60,"column":1}},"2":{"start":{"line":14,"column":21},"end":{"line":14,"column":34}},"3":{"start":{"line":15,"column":34},"end":{"line":15,"column":63}},"4":{"start":{"line":17,"column":4},"end":{"line":19,"column":10}},"5":{"start":{"line":18,"column":8},"end":{"line":18,"column":26}},"6":{"start":{"line":21,"column":28},"end":{"line":24,"column":5}},"7":{"start":{"line":22,"column":24},"end":{"line":22,"column":67}},"8":{"start":{"line":23,"column":8},"end":{"line":23,"column":28}},"9":{"start":{"line":25,"column":4},"end":{"line":59,"column":6}},"10":{"start":{"line":53,"column":39},"end":{"line":53,"column":52}}},"fnMap":{"0":{"name":"(anonymous_0)","decl":{"start":{"line":13,"column":26},"end":{"line":13,"column":27}},"loc":{"start":{"line":13,"column":32},"end":{"line":60,"column":1}},"line":13},"1":{"name":"(anonymous_1)","decl":{"start":{"line":17,"column":14},"end":{"line":17,"column":15}},"loc":{"start":{"line":17,"column":20},"end":{"line":19,"column":5}},"line":17},"2":{"name":"(anonymous_2)","decl":{"start":{"line":21,"column":28},"end":{"line":21,"column":29}},"loc":{"start":{"line":21,"column":34},"end":{"line":24,"column":5}},"line":21},"3":{"name":"(anonymous_3)","decl":{"start":{"line":53,"column":33},"end":{"line":53,"column":34}},"loc":{"start":{"line":53,"column":39},"end":{"line":53,"column":52}},"line":53}},"branchMap":{},"s":{"0":1,"1":1,"2":2,"3":2,"4":2,"5":1,"6":2,"7":1,"8":1,"9":2,"10":0},"f":{"0":2,"1":1,"2":1,"3":0},"b":{},"_coverageSchema":"1a1c01bbd47fc00a2c39e90264f33305004495a9","hash":"79f64beecd5974321859850f5676ad8b1fbae1df"}
,"E:\\Book\\src\\pages\\Profile.tsx": {"path":"E:\\Book\\src\\pages\\Profile.tsx","statementMap":{"0":{"start":{"line":9,"column":4},"end":{"line":21,"column":5}}},"fnMap":{"0":{"name":"Profile","decl":{"start":{"line":8,"column":9},"end":{"line":8,"column":16}},"loc":{"start":{"line":8,"column":19},"end":{"line":22,"column":1}},"line":8}},"branchMap":{},"s":{"0":1},"f":{"0":1},"b":{},"_coverageSchema":"1a1c01bbd47fc00a2c39e90264f33305004495a9","hash":"220acd65d64dc2092210ece7f4386898c1099e26"}
,"E:\\Book\\src\\pages\\Register.tsx": {"path":"E:\\Book\\src\\pages\\Register.tsx","statementMap":{"0":{"start":{"line":5,"column":2},"end":{"line":9,"column":3}}},"fnMap":{"0":{"name":"Register","decl":{"start":{"line":4,"column":9},"end":{"line":4,"column":17}},"loc":{"start":{"line":4,"column":20},"end":{"line":10,"column":1}},"line":4}},"branchMap":{},"s":{"0":1},"f":{"0":1},"b":{},"_coverageSchema":"1a1c01bbd47fc00a2c39e90264f33305004495a9","hash":"4f2f7f0046cbd3a31c52cba3bc6cb36d34b474d9"}
,"E:\\Book\\src\\pages\\Wishlist.tsx": {"path":"E:\\Book\\src\\pages\\Wishlist.tsx","statementMap":{"0":{"start":{"line":20,"column":19},"end":{"line":23,"column":1}},"1":{"start":{"line":26,"column":36},"end":{"line":26,"column":71}},"2":{"start":{"line":27,"column":18},"end":{"line":27,"column":47}},"3":{"start":{"line":29,"column":29},"end":{"line":35,"column":5}},"4":{"start":{"line":30,"column":25},"end":{"line":30,"column":44}},"5":{"start":{"line":31,"column":8},"end":{"line":34,"column":9}},"6":{"start":{"line":32,"column":12},"end":{"line":32,"column":48}},"7":{"start":{"line":33,"column":12},"end":{"line":33,"column":48}},"8":{"start":{"line":37,"column":4},"end":{"line":39,"column":11}},"9":{"start":{"line":38,"column":8},"end":{"line":38,"column":27}},"10":{"start":{"line":41,"column":4},"end":{"line":50,"column":5}},"11":{"start":{"line":42,"column":8},"end":{"line":49,"column":10}},"12":{"start":{"line":52,"column":4},"end":{"line":78,"column":6}},"13":{"start":{"line":63,"column":28},"end":{"line":71,"column":30}}},"fnMap":{"0":{"name":"Wishlist","decl":{"start":{"line":25,"column":9},"end":{"line":25,"column":17}},"loc":{"start":{"line":25,"column":20},"end":{"line":79,"column":1}},"line":25},"1":{"name":"(anonymous_1)","decl":{"start":{"line":29,"column":29},"end":{"line":29,"column":30}},"loc":{"start":{"line":29,"column":41},"end":{"line":35,"column":5}},"line":29},"2":{"name":"(anonymous_2)","decl":{"start":{"line":37,"column":14},"end":{"line":37,"column":15}},"loc":{"start":{"line":37,"column":20},"end":{"line":39,"column":5}},"line":37},"3":{"name":"(anonymous_3)","decl":{"start":{"line":62,"column":37},"end":{"line":62,"column":38}},"loc":{"start":{"line":62,"column":55},"end":{"line":72,"column":25}},"line":62}},"branchMap":{"0":{"loc":{"start":{"line":31,"column":8},"end":{"line":34,"column":9}},"type":"if","locations":[{"start":{"line":31,"column":8},"end":{"line":34,"column":9}},{"start":{},"end":{}}],"line":31},"1":{"loc":{"start":{"line":41,"column":4},"end":{"line":50,"column":5}},"type":"if","locations":[{"start":{"line":41,"column":4},"end":{"line":50,"column":5}},{"start":{},"end":{}}],"line":41}},"s":{"0":1,"1":4,"2":4,"3":4,"4":3,"5":3,"6":2,"7":2,"8":4,"9":3,"10":4,"11":1,"12":3,"13":2},"f":{"0":4,"1":3,"2":3,"3":2},"b":{"0":[2,1],"1":[1,3]},"_coverageSchema":"1a1c01bbd47fc00a2c39e90264f33305004495a9","hash":"2e753b6d0fbcf3b38282d01b75688ed47abea15f"}
,"E:\\Book\\src\\services\\slice\\bookSlice.ts": {"path":"E:\\Book\\src\\services\\slice\\bookSlice.ts","statementMap":{"0":{"start":{"line":15,"column":21},"end":{"line":18,"column":1}},"1":{"start":{"line":20,"column":18},"end":{"line":34,"column":2}},"2":{"start":{"line":25,"column":12},"end":{"line":25,"column":44}},"3":{"start":{"line":28,"column":12},"end":{"line":28,"column":32}},"4":{"start":{"line":31,"column":12},"end":{"line":31,"column":43}},"5":{"start":{"line":36,"column":58},"end":{"line":36,"column":75}}},"fnMap":{"0":{"name":"(anonymous_0)","decl":{"start":{"line":24,"column":8},"end":{"line":24,"column":9}},"loc":{"start":{"line":24,"column":35},"end":{"line":26,"column":9}},"line":24},"1":{"name":"(anonymous_1)","decl":{"start":{"line":27,"column":8},"end":{"line":27,"column":9}},"loc":{"start":{"line":27,"column":29},"end":{"line":29,"column":9}},"line":27},"2":{"name":"(anonymous_2)","decl":{"start":{"line":30,"column":8},"end":{"line":30,"column":9}},"loc":{"start":{"line":30,"column":34},"end":{"line":32,"column":9}},"line":30}},"branchMap":{},"s":{"0":1,"1":1,"2":1,"3":1,"4":1,"5":1},"f":{"0":1,"1":1,"2":1},"b":{},"_coverageSchema":"1a1c01bbd47fc00a2c39e90264f33305004495a9","hash":"a765cd2edca3a1f8377fdcd1527662d128b78992"}
,"E:\\Book\\src\\services\\slice\\cartSlice.ts": {"path":"E:\\Book\\src\\services\\slice\\cartSlice.ts","statementMap":{"0":{"start":{"line":17,"column":21},"end":{"line":20,"column":1}},"1":{"start":{"line":22,"column":18},"end":{"line":64,"column":2}},"2":{"start":{"line":27,"column":12},"end":{"line":27,"column":40}},"3":{"start":{"line":30,"column":25},"end":{"line":30,"column":39}},"4":{"start":{"line":31,"column":26},"end":{"line":31,"column":79}},"5":{"start":{"line":31,"column":57},"end":{"line":31,"column":78}},"6":{"start":{"line":32,"column":12},"end":{"line":34,"column":13}},"7":{"start":{"line":33,"column":16},"end":{"line":33,"column":45}},"8":{"start":{"line":37,"column":12},"end":{"line":37,"column":41}},"9":{"start":{"line":38,"column":26},"end":{"line":38,"column":85}},"10":{"start":{"line":38,"column":57},"end":{"line":38,"column":84}},"11":{"start":{"line":39,"column":12},"end":{"line":41,"column":13}},"12":{"start":{"line":40,"column":16},"end":{"line":40,"column":44}},"13":{"start":{"line":44,"column":26},"end":{"line":44,"column":85}},"14":{"start":{"line":44,"column":57},"end":{"line":44,"column":84}},"15":{"start":{"line":45,"column":12},"end":{"line":47,"column":13}},"16":{"start":{"line":46,"column":16},"end":{"line":46,"column":53}},"17":{"start":{"line":50,"column":26},"end":{"line":50,"column":85}},"18":{"start":{"line":50,"column":57},"end":{"line":50,"column":84}},"19":{"start":{"line":51,"column":12},"end":{"line":51,"column":39}},"20":{"start":{"line":52,"column":12},"end":{"line":54,"column":13}},"21":{"start":{"line":53,"column":16},"end":{"line":53,"column":53}},"22":{"start":{"line":57,"column":12},"end":{"line":57,"column":34}},"23":{"start":{"line":58,"column":12},"end":{"line":58,"column":47}},"24":{"start":{"line":61,"column":12},"end":{"line":61,"column":47}},"25":{"start":{"line":66,"column":126},"end":{"line":66,"column":143}}},"fnMap":{"0":{"name":"(anonymous_0)","decl":{"start":{"line":26,"column":8},"end":{"line":26,"column":9}},"loc":{"start":{"line":26,"column":31},"end":{"line":28,"column":9}},"line":26},"1":{"name":"(anonymous_1)","decl":{"start":{"line":29,"column":8},"end":{"line":29,"column":9}},"loc":{"start":{"line":29,"column":40},"end":{"line":35,"column":9}},"line":29},"2":{"name":"(anonymous_2)","decl":{"start":{"line":31,"column":47},"end":{"line":31,"column":48}},"loc":{"start":{"line":31,"column":57},"end":{"line":31,"column":78}},"line":31},"3":{"name":"(anonymous_3)","decl":{"start":{"line":36,"column":8},"end":{"line":36,"column":9}},"loc":{"start":{"line":36,"column":38},"end":{"line":42,"column":9}},"line":36},"4":{"name":"(anonymous_4)","decl":{"start":{"line":38,"column":47},"end":{"line":38,"column":48}},"loc":{"start":{"line":38,"column":57},"end":{"line":38,"column":84}},"line":38},"5":{"name":"(anonymous_5)","decl":{"start":{"line":43,"column":8},"end":{"line":43,"column":9}},"loc":{"start":{"line":43,"column":41},"end":{"line":48,"column":9}},"line":43},"6":{"name":"(anonymous_6)","decl":{"start":{"line":44,"column":47},"end":{"line":44,"column":48}},"loc":{"start":{"line":44,"column":57},"end":{"line":44,"column":84}},"line":44},"7":{"name":"(anonymous_7)","decl":{"start":{"line":49,"column":8},"end":{"line":49,"column":9}},"loc":{"start":{"line":49,"column":41},"end":{"line":55,"column":9}},"line":49},"8":{"name":"(anonymous_8)","decl":{"start":{"line":50,"column":47},"end":{"line":50,"column":48}},"loc":{"start":{"line":50,"column":57},"end":{"line":50,"column":84}},"line":50},"9":{"name":"(anonymous_9)","decl":{"start":{"line":56,"column":8},"end":{"line":56,"column":9}},"loc":{"start":{"line":56,"column":25},"end":{"line":59,"column":9}},"line":56},"10":{"name":"(anonymous_10)","decl":{"start":{"line":60,"column":8},"end":{"line":60,"column":9}},"loc":{"start":{"line":60,"column":38},"end":{"line":62,"column":9}},"line":60}},"branchMap":{"0":{"loc":{"start":{"line":32,"column":12},"end":{"line":34,"column":13}},"type":"if","locations":[{"start":{"line":32,"column":12},"end":{"line":34,"column":13}},{"start":{},"end":{}}],"line":32},"1":{"loc":{"start":{"line":39,"column":12},"end":{"line":41,"column":13}},"type":"if","locations":[{"start":{"line":39,"column":12},"end":{"line":41,"column":13}},{"start":{},"end":{}}],"line":39},"2":{"loc":{"start":{"line":45,"column":12},"end":{"line":47,"column":13}},"type":"if","locations":[{"start":{"line":45,"column":12},"end":{"line":47,"column":13}},{"start":{},"end":{}}],"line":45},"3":{"loc":{"start":{"line":52,"column":12},"end":{"line":54,"column":13}},"type":"if","locations":[{"start":{"line":52,"column":12},"end":{"line":54,"column":13}},{"start":{},"end":{}}],"line":52}},"s":{"0":2,"1":2,"2":1,"3":2,"4":2,"5":1,"6":2,"7":1,"8":1,"9":1,"10":1,"11":1,"12":1,"13":1,"14":1,"15":1,"16":1,"17":1,"18":1,"19":1,"20":1,"21":1,"22":1,"23":1,"24":1,"25":2},"f":{"0":1,"1":2,"2":1,"3":1,"4":1,"5":1,"6":1,"7":1,"8":1,"9":1,"10":1},"b":{"0":[1,1],"1":[1,0],"2":[1,0],"3":[1,0]},"_coverageSchema":"1a1c01bbd47fc00a2c39e90264f33305004495a9","hash":"809f069ee2dd1f314637509e31067f67cea99173"}
,"E:\\Book\\src\\services\\slice\\orderSlice.ts": {"path":"E:\\Book\\src\\services\\slice\\orderSlice.ts","statementMap":{"0":{"start":{"line":3,"column":48},"end":{"line":5,"column":1}},"1":{"start":{"line":7,"column":19},"end":{"line":18,"column":2}},"2":{"start":{"line":12,"column":12},"end":{"line":12,"column":79}},"3":{"start":{"line":15,"column":12},"end":{"line":15,"column":37}},"4":{"start":{"line":20,"column":58},"end":{"line":20,"column":76}}},"fnMap":{"0":{"name":"(anonymous_0)","decl":{"start":{"line":11,"column":8},"end":{"line":11,"column":9}},"loc":{"start":{"line":11,"column":40},"end":{"line":13,"column":9}},"line":11},"1":{"name":"(anonymous_1)","decl":{"start":{"line":14,"column":8},"end":{"line":14,"column":9}},"loc":{"start":{"line":14,"column":34},"end":{"line":16,"column":9}},"line":14}},"branchMap":{},"s":{"0":1,"1":1,"2":1,"3":1,"4":1},"f":{"0":1,"1":1},"b":{},"_coverageSchema":"1a1c01bbd47fc00a2c39e90264f33305004495a9","hash":"9edd200ecae028272e9aabdb1a8cd4f5f9c9db37"}
,"E:\\Book\\src\\services\\slice\\wishlistSlice.ts": {"path":"E:\\Book\\src\\services\\slice\\wishlistSlice.ts","statementMap":{"0":{"start":{"line":14,"column":21},"end":{"line":17,"column":1}},"1":{"start":{"line":19,"column":22},"end":{"line":44,"column":2}},"2":{"start":{"line":24,"column":25},"end":{"line":24,"column":39}},"3":{"start":{"line":25,"column":26},"end":{"line":25,"column":83}},"4":{"start":{"line":25,"column":61},"end":{"line":25,"column":82}},"5":{"start":{"line":26,"column":12},"end":{"line":28,"column":13}},"6":{"start":{"line":27,"column":16},"end":{"line":27,"column":42}},"7":{"start":{"line":31,"column":25},"end":{"line":31,"column":39}},"8":{"start":{"line":32,"column":26},"end":{"line":32,"column":83}},"9":{"start":{"line":32,"column":61},"end":{"line":32,"column":82}},"10":{"start":{"line":33,"column":12},"end":{"line":35,"column":13}},"11":{"start":{"line":34,"column":16},"end":{"line":34,"column":48}},"12":{"start":{"line":38,"column":12},"end":{"line":38,"column":32}},"13":{"start":{"line":41,"column":12},"end":{"line":41,"column":43}},"14":{"start":{"line":46,"column":78},"end":{"line":46,"column":99}}},"fnMap":{"0":{"name":"(anonymous_0)","decl":{"start":{"line":23,"column":8},"end":{"line":23,"column":9}},"loc":{"start":{"line":23,"column":35},"end":{"line":29,"column":9}},"line":23},"1":{"name":"(anonymous_1)","decl":{"start":{"line":25,"column":51},"end":{"line":25,"column":52}},"loc":{"start":{"line":25,"column":61},"end":{"line":25,"column":82}},"line":25},"2":{"name":"(anonymous_2)","decl":{"start":{"line":30,"column":8},"end":{"line":30,"column":9}},"loc":{"start":{"line":30,"column":42},"end":{"line":36,"column":9}},"line":30},"3":{"name":"(anonymous_3)","decl":{"start":{"line":32,"column":51},"end":{"line":32,"column":52}},"loc":{"start":{"line":32,"column":61},"end":{"line":32,"column":82}},"line":32},"4":{"name":"(anonymous_4)","decl":{"start":{"line":37,"column":8},"end":{"line":37,"column":9}},"loc":{"start":{"line":37,"column":29},"end":{"line":39,"column":9}},"line":37},"5":{"name":"(anonymous_5)","decl":{"start":{"line":40,"column":8},"end":{"line":40,"column":9}},"loc":{"start":{"line":40,"column":34},"end":{"line":42,"column":9}},"line":40}},"branchMap":{"0":{"loc":{"start":{"line":26,"column":12},"end":{"line":28,"column":13}},"type":"if","locations":[{"start":{"line":26,"column":12},"end":{"line":28,"column":13}},{"start":{},"end":{}}],"line":26},"1":{"loc":{"start":{"line":33,"column":12},"end":{"line":35,"column":13}},"type":"if","locations":[{"start":{"line":33,"column":12},"end":{"line":35,"column":13}},{"start":{},"end":{}}],"line":33}},"s":{"0":3,"1":3,"2":2,"3":2,"4":1,"5":2,"6":1,"7":2,"8":2,"9":1,"10":2,"11":1,"12":1,"13":1,"14":3},"f":{"0":2,"1":1,"2":2,"3":1,"4":1,"5":1},"b":{"0":[1,1],"1":[1,1]},"_coverageSchema":"1a1c01bbd47fc00a2c39e90264f33305004495a9","hash":"9a4acb5e8c88b720cbc64ea76bab043de9f8deb2"}
}
