TN:
SF:src\components\Auth\AuthTemplate.tsx
FN:12,AuthTemplate
FN:34,(anonymous_1)
FN:48,(anonymous_2)
FN:90,(anonymous_3)
FN:208,(anonymous_4)
FN:214,(anonymous_5)
FN:265,(anonymous_6)
FN:270,(anonymous_7)
FNF:8
FNH:4
FNDA:36,AuthTemplate
FNDA:18,(anonymous_1)
FNDA:6,(anonymous_2)
FNDA:6,(anonymous_3)
FNDA:0,(anonymous_4)
FNDA:0,(anonymous_5)
FNDA:0,(anonymous_6)
FNDA:0,(anonymous_7)
DA:13,36
DA:15,36
DA:16,36
DA:18,36
DA:27,36
DA:34,36
DA:35,18
DA:36,18
DA:40,18
DA:41,0
DA:48,36
DA:49,6
DA:50,6
DA:57,6
DA:58,1
DA:59,1
DA:62,6
DA:63,2
DA:64,2
DA:65,4
DA:66,2
DA:67,2
DA:70,6
DA:71,2
DA:72,2
DA:73,4
DA:74,0
DA:75,0
DA:78,6
DA:79,1
DA:80,1
DA:81,5
DA:82,1
DA:83,1
DA:86,6
DA:87,6
DA:90,36
DA:91,6
DA:93,6
DA:94,1
DA:95,1
DA:96,0
DA:97,0
DA:98,0
DA:99,0
DA:100,0
DA:101,0
DA:102,0
DA:105,0
DA:107,1
DA:108,1
DA:109,1
DA:116,0
DA:117,0
DA:118,0
DA:120,0
DA:123,1
DA:126,1
DA:127,1
DA:135,36
DA:208,0
DA:214,0
DA:265,0
DA:270,0
LF:64
LH:45
BRDA:40,0,0,0
BRDA:40,0,1,18
BRDA:57,1,0,1
BRDA:57,1,1,5
BRDA:57,2,0,6
BRDA:57,2,1,3
BRDA:62,3,0,2
BRDA:62,3,1,4
BRDA:65,4,0,2
BRDA:65,4,1,2
BRDA:70,5,0,2
BRDA:70,5,1,4
BRDA:73,6,0,0
BRDA:73,6,1,4
BRDA:78,7,0,1
BRDA:78,7,1,5
BRDA:78,8,0,6
BRDA:78,8,1,3
BRDA:81,9,0,1
BRDA:81,9,1,4
BRDA:81,10,0,5
BRDA:81,10,1,2
BRDA:93,11,0,5
BRDA:93,11,1,1
BRDA:95,12,0,0
BRDA:95,12,1,1
BRDA:98,13,0,0
BRDA:98,13,1,0
BRDA:105,14,0,0
BRDA:105,14,1,0
BRDA:107,15,0,1
BRDA:107,15,1,0
BRDA:116,16,0,0
BRDA:116,16,1,0
BRDA:154,17,0,15
BRDA:154,17,1,21
BRDA:155,18,0,36
BRDA:155,18,1,15
BRDA:160,19,0,21
BRDA:160,19,1,15
BRDA:161,20,0,36
BRDA:161,20,1,21
BRDA:168,21,0,36
BRDA:168,21,1,21
BRDA:180,22,0,21
BRDA:180,22,1,1
BRDA:192,23,0,21
BRDA:192,23,1,1
BRDA:199,24,0,0
BRDA:199,24,1,21
BRDA:205,25,0,0
BRDA:205,25,1,21
BRDA:219,26,0,21
BRDA:219,26,1,1
BRDA:231,27,0,21
BRDA:231,27,1,2
BRDA:238,28,0,36
BRDA:238,28,1,15
BRDA:250,29,0,15
BRDA:250,29,1,3
BRDA:258,30,0,0
BRDA:258,30,1,15
BRDA:263,31,0,0
BRDA:263,31,1,15
BRDA:274,32,0,15
BRDA:274,32,1,1
BRF:66
BRH:52
end_of_record
TN:
SF:src\components\Auth\RegisterForm.tsx
FN:4,RegisterForm
FNF:1
FNH:1
FNDA:1,RegisterForm
DA:5,1
LF:1
LH:1
BRF:0
BRH:0
end_of_record
TN:
SF:src\components\BookDetails\BookDetails.tsx
FN:33,BookDetails
FN:36,(anonymous_1)
FN:37,(anonymous_2)
FN:38,(anonymous_3)
FN:45,(anonymous_4)
FN:51,(anonymous_5)
FN:53,(anonymous_6)
FN:61,(anonymous_7)
FN:73,(anonymous_8)
FN:90,(anonymous_9)
FN:103,(anonymous_10)
FN:104,(anonymous_11)
FN:112,(anonymous_12)
FN:131,(anonymous_13)
FN:145,(anonymous_14)
FN:165,(anonymous_15)
FN:166,(anonymous_16)
FNF:17
FNH:17
FNDA:22,BookDetails
FNDA:30,(anonymous_1)
FNDA:30,(anonymous_2)
FNDA:30,(anonymous_3)
FNDA:22,(anonymous_4)
FNDA:8,(anonymous_5)
FNDA:3,(anonymous_6)
FNDA:8,(anonymous_7)
FNDA:7,(anonymous_8)
FNDA:1,(anonymous_9)
FNDA:9,(anonymous_10)
FNDA:1,(anonymous_11)
FNDA:1,(anonymous_12)
FNDA:1,(anonymous_13)
FNDA:1,(anonymous_14)
FNDA:110,(anonymous_15)
FNDA:1,(anonymous_16)
DA:20,1
DA:34,22
DA:35,22
DA:36,30
DA:37,30
DA:38,30
DA:40,22
DA:42,22
DA:43,22
DA:44,22
DA:45,22
DA:47,22
DA:48,22
DA:49,22
DA:51,22
DA:52,8
DA:53,8
DA:54,8
DA:55,3
DA:56,3
DA:61,22
DA:62,8
DA:63,8
DA:64,0
DA:65,0
DA:68,8
DA:73,22
DA:75,7
DA:76,2
DA:77,2
DA:79,5
DA:80,5
DA:81,5
DA:82,5
DA:83,5
DA:84,5
DA:86,0
DA:90,22
DA:91,1
DA:92,1
DA:93,1
DA:94,1
DA:95,1
DA:96,1
DA:98,0
DA:103,22
DA:104,9
DA:105,9
DA:106,1
DA:107,1
DA:109,8
DA:112,22
DA:113,1
DA:114,0
DA:115,0
DA:117,1
DA:119,1
DA:120,1
DA:121,1
DA:122,1
DA:123,1
DA:124,1
DA:127,0
DA:131,22
DA:133,1
DA:134,1
DA:135,1
DA:136,1
DA:137,1
DA:138,1
DA:141,0
DA:145,22
DA:146,1
DA:147,1
DA:149,1
DA:150,1
DA:151,1
DA:152,1
DA:153,1
DA:156,0
DA:160,22
DA:166,110
LF:82
LH:73
BRDA:45,0,0,22
BRDA:45,0,1,0
BRDA:54,1,0,3
BRDA:54,1,1,5
BRDA:64,2,0,0
BRDA:64,2,1,0
BRDA:75,3,0,2
BRDA:75,3,1,5
BRDA:75,4,0,7
BRDA:75,4,1,0
BRDA:91,5,0,1
BRDA:91,5,1,0
BRDA:105,6,0,1
BRDA:105,6,1,8
BRDA:113,7,0,0
BRDA:113,7,1,1
BRDA:117,8,0,0
BRDA:117,8,1,1
BRDA:121,9,0,1
BRDA:121,9,1,0
BRDA:135,10,0,1
BRDA:135,10,1,0
BRDA:149,11,0,1
BRDA:149,11,1,0
BRDA:166,12,0,22
BRDA:166,12,1,88
BRDA:176,13,0,10
BRDA:176,13,1,12
BRDA:179,14,0,4
BRDA:179,14,1,6
BRDA:193,15,0,2
BRDA:193,15,1,20
BRF:32
BRH:22
end_of_record
TN:
SF:src\components\BookDetails\Feedback.tsx
FN:10,Feedback
FN:12,(anonymous_1)
FN:19,(anonymous_2)
FN:32,(anonymous_3)
FNF:4
FNH:2
FNDA:22,Feedback
FNDA:8,(anonymous_1)
FNDA:0,(anonymous_2)
FNDA:0,(anonymous_3)
DA:12,22
DA:13,8
DA:16,22
DA:20,0
DA:33,0
LF:5
LH:3
BRDA:18,0,0,0
BRDA:18,0,1,22
BRDA:23,1,0,0
BRDA:23,1,1,0
BRDA:29,2,0,0
BRDA:29,2,1,0
BRDA:34,3,0,0
BRDA:34,3,1,0
BRF:8
BRH:1
end_of_record
TN:
SF:src\components\BookDetails\FeedbackForm.tsx
FN:10,FeedbackForm
FN:17,(anonymous_1)
FN:36,(anonymous_2)
FN:39,(anonymous_3)
FN:40,(anonymous_4)
FN:41,(anonymous_5)
FN:56,(anonymous_6)
FNF:7
FNH:5
FNDA:30,FeedbackForm
FNDA:1,(anonymous_1)
FNDA:150,(anonymous_2)
FNDA:0,(anonymous_3)
FNDA:0,(anonymous_4)
FNDA:2,(anonymous_5)
FNDA:2,(anonymous_6)
DA:11,30
DA:12,30
DA:13,30
DA:15,30
DA:17,30
DA:18,1
DA:19,1
DA:20,0
DA:21,0
DA:22,0
DA:23,0
DA:26,1
DA:30,30
DA:37,150
DA:39,0
DA:40,0
DA:41,2
DA:56,2
LF:18
LH:12
BRDA:20,0,0,0
BRDA:20,0,1,0
BRDA:44,1,0,7
BRDA:44,1,1,143
BRDA:44,2,0,150
BRDA:44,2,1,150
BRF:6
BRH:4
end_of_record
TN:
SF:src\components\Cart\AddressDetails.tsx
FN:23,(anonymous_0)
FN:41,(anonymous_1)
FN:48,(anonymous_2)
FN:55,(anonymous_3)
FN:62,(anonymous_4)
FN:69,(anonymous_5)
FN:80,(anonymous_6)
FN:85,(anonymous_7)
FN:108,(anonymous_8)
FN:130,(anonymous_9)
FN:220,(anonymous_10)
FN:226,(anonymous_11)
FN:236,(anonymous_12)
FN:337,(anonymous_13)
FNF:14
FNH:9
FNDA:18,(anonymous_0)
FNDA:1,(anonymous_1)
FNDA:1,(anonymous_2)
FNDA:1,(anonymous_3)
FNDA:0,(anonymous_4)
FNDA:0,(anonymous_5)
FNDA:1,(anonymous_6)
FNDA:0,(anonymous_7)
FNDA:1,(anonymous_8)
FNDA:0,(anonymous_9)
FNDA:36,(anonymous_10)
FNDA:0,(anonymous_11)
FNDA:4,(anonymous_12)
FNDA:1,(anonymous_13)
DA:3,1
DA:23,1
DA:24,18
DA:25,18
DA:26,18
DA:27,18
DA:28,18
DA:34,18
DA:41,18
DA:42,1
DA:48,18
DA:49,1
DA:55,18
DA:56,1
DA:62,18
DA:63,0
DA:69,18
DA:70,0
DA:71,0
DA:72,0
DA:80,18
DA:81,1
DA:82,1
DA:85,18
DA:86,0
DA:89,18
DA:108,1
DA:130,0
DA:221,36
DA:226,0
DA:236,4
DA:337,1
LF:32
LH:25
BRDA:26,0,0,18
BRDA:26,0,1,0
BRDA:124,1,0,18
BRDA:124,1,1,2
BRDA:230,2,0,18
BRDA:230,2,1,18
BRDA:239,3,0,4
BRDA:239,3,1,14
BRDA:242,4,0,18
BRDA:242,4,1,4
BRDA:257,5,0,4
BRDA:257,5,1,14
BRDA:268,6,0,4
BRDA:268,6,1,14
BRDA:279,7,0,4
BRDA:279,7,1,14
BRDA:338,8,0,0
BRDA:338,8,1,18
BRF:18
BRH:16
end_of_record
TN:
SF:src\components\Common\BookLongCard.tsx
FN:15,BookLongCard
FN:18,(anonymous_1)
FN:34,(anonymous_2)
FNF:3
FNH:3
FNDA:3,BookLongCard
FNDA:1,(anonymous_1)
FNDA:1,(anonymous_2)
DA:16,3
DA:18,3
DA:19,1
DA:21,1
DA:23,1
DA:25,1
DA:31,1
DA:34,3
DA:35,1
DA:36,1
DA:37,1
DA:38,1
DA:39,1
DA:40,1
DA:43,0
DA:44,0
DA:48,3
LF:17
LH:15
BRDA:19,0,0,0
BRDA:19,0,1,1
BRDA:23,1,0,0
BRDA:23,1,1,1
BRDA:37,2,0,1
BRDA:37,2,1,0
BRDA:49,3,0,1
BRDA:49,3,1,2
BRDA:49,4,0,1
BRDA:49,4,1,2
BRDA:65,5,0,3
BRDA:65,5,1,1
BRDA:77,6,0,3
BRDA:77,6,1,1
BRF:14
BRH:11
end_of_record
TN:
SF:src\components\Common\Breadcrumbs.tsx
FN:8,(anonymous_0)
FN:22,(anonymous_1)
FNF:2
FNH:2
FNDA:11,(anonymous_0)
FNDA:11,(anonymous_1)
DA:8,1
DA:9,11
DA:17,11
DA:22,1
DA:23,11
LF:5
LH:5
BRDA:17,0,0,10
BRDA:17,0,1,1
BRDA:17,1,0,11
BRDA:17,1,1,0
BRDA:18,2,0,10
BRDA:18,2,1,0
BRDA:18,3,0,10
BRDA:18,3,1,0
BRDA:31,4,0,11
BRDA:31,4,1,1
BRF:10
BRH:7
end_of_record
TN:
SF:src\components\Common\Footer.tsx
FN:3,(anonymous_0)
FNF:1
FNH:1
FNDA:3,(anonymous_0)
DA:3,2
DA:4,3
LF:2
LH:2
BRF:0
BRH:0
end_of_record
TN:
SF:src\components\Common\ProfileDropdown.tsx
FN:8,ProfileDropdown
FN:13,(anonymous_1)
FN:17,(anonymous_2)
FN:25,(anonymous_3)
FN:31,(anonymous_4)
FNF:5
FNH:4
FNDA:10,ProfileDropdown
FNDA:3,(anonymous_1)
FNDA:0,(anonymous_2)
FNDA:3,(anonymous_3)
FNDA:1,(anonymous_4)
DA:9,10
DA:10,10
DA:13,10
DA:15,3
DA:17,3
DA:18,0
DA:22,3
DA:25,3
DA:26,3
DA:31,10
DA:32,1
DA:33,1
DA:34,1
DA:38,10
DA:56,10
DA:71,10
LF:16
LH:15
BRDA:74,0,0,4
BRDA:74,0,1,6
BRDA:83,1,0,10
BRDA:83,1,1,6
BRF:4
BRH:4
end_of_record
TN:
SF:src\components\Profile\AddressForm.tsx
FN:19,(anonymous_0)
FN:28,(anonymous_1)
FNF:2
FNH:2
FNDA:4,(anonymous_0)
FNDA:8,(anonymous_1)
DA:4,1
DA:19,1
DA:20,4
DA:29,8
LF:4
LH:4
BRF:0
BRH:0
end_of_record
TN:
SF:src\components\Profile\AddressList.tsx
FN:8,AddressList
FN:18,(anonymous_1)
FN:25,(anonymous_2)
FN:37,(anonymous_3)
FNF:4
FNH:4
FNDA:12,AddressList
FNDA:1,(anonymous_1)
FNDA:1,(anonymous_2)
FNDA:5,(anonymous_3)
DA:10,12
DA:11,12
DA:18,12
DA:19,1
DA:25,12
DA:26,1
DA:32,12
DA:38,5
LF:8
LH:8
BRDA:38,0,0,1
BRDA:38,0,1,4
BRDA:39,1,0,6
BRDA:39,1,1,6
BRDA:42,2,0,12
BRDA:42,2,1,6
BRDA:56,3,0,6
BRDA:56,3,1,6
BRDA:67,4,0,6
BRDA:67,4,1,6
BRDA:78,5,0,6
BRDA:78,5,1,6
BRF:12
BRH:12
end_of_record
TN:
SF:src\components\Profile\ProfileEditForm.tsx
FN:10,ProfileEditForm
FN:15,(anonymous_1)
FN:28,(anonymous_2)
FNF:3
FNH:3
FNDA:13,ProfileEditForm
FNDA:4,(anonymous_1)
FNDA:2,(anonymous_2)
DA:3,1
DA:12,13
DA:13,13
DA:15,13
DA:16,4
DA:17,4
DA:23,13
DA:29,2
LF:8
LH:8
BRDA:29,0,0,0
BRDA:29,0,1,2
BRDA:30,1,0,2
BRDA:30,1,1,11
BRDA:33,2,0,13
BRDA:33,2,1,2
BRDA:43,3,0,11
BRDA:43,3,1,2
BRDA:47,4,0,11
BRDA:47,4,1,2
BRDA:51,5,0,11
BRDA:51,5,1,2
BRDA:55,6,0,11
BRDA:55,6,1,2
BRF:14
BRH:13
end_of_record
TN:
SF:src\pages\AuthRoutes.tsx
FN:8,(anonymous_0)
FNF:1
FNH:1
FNDA:2,(anonymous_0)
DA:8,1
DA:10,2
DA:12,2
LF:3
LH:3
BRDA:12,0,0,1
BRDA:12,0,1,1
BRF:2
BRH:2
end_of_record
TN:
SF:src\pages\BookPage.tsx
FN:6,(anonymous_0)
FNF:1
FNH:1
FNDA:1,(anonymous_0)
DA:6,1
DA:7,1
LF:2
LH:2
BRF:0
BRH:0
end_of_record
TN:
SF:src\pages\ForgotPassword.tsx
FN:5,(anonymous_0)
FNF:1
FNH:1
FNDA:3,(anonymous_0)
DA:5,1
DA:6,3
LF:2
LH:2
BRF:0
BRH:0
end_of_record
TN:
SF:src\pages\Home.tsx
FN:6,(anonymous_0)
FNF:1
FNH:1
FNDA:4,(anonymous_0)
DA:6,1
DA:7,4
LF:2
LH:2
BRF:0
BRH:0
end_of_record
TN:
SF:src\pages\Login.tsx
FN:4,Login
FNF:1
FNH:1
FNDA:1,Login
DA:5,1
LF:1
LH:1
BRF:0
BRH:0
end_of_record
TN:
SF:src\pages\OrderConfirmation.tsx
FN:13,(anonymous_0)
FN:17,(anonymous_1)
FN:21,(anonymous_2)
FN:53,(anonymous_3)
FNF:4
FNH:3
FNDA:2,(anonymous_0)
FNDA:1,(anonymous_1)
FNDA:1,(anonymous_2)
FNDA:0,(anonymous_3)
DA:7,1
DA:13,1
DA:14,2
DA:15,2
DA:17,2
DA:18,1
DA:21,2
DA:22,1
DA:23,1
DA:25,2
DA:53,0
LF:11
LH:10
BRF:0
BRH:0
end_of_record
TN:
SF:src\pages\Profile.tsx
FN:8,Profile
FNF:1
FNH:1
FNDA:1,Profile
DA:9,1
LF:1
LH:1
BRF:0
BRH:0
end_of_record
TN:
SF:src\pages\Register.tsx
FN:4,Register
FNF:1
FNH:1
FNDA:1,Register
DA:5,1
LF:1
LH:1
BRF:0
BRH:0
end_of_record
TN:
SF:src\pages\Wishlist.tsx
FN:25,Wishlist
FN:29,(anonymous_1)
FN:37,(anonymous_2)
FN:62,(anonymous_3)
FNF:4
FNH:4
FNDA:4,Wishlist
FNDA:3,(anonymous_1)
FNDA:3,(anonymous_2)
FNDA:2,(anonymous_3)
DA:20,1
DA:26,4
DA:27,4
DA:29,4
DA:30,3
DA:31,3
DA:32,2
DA:33,2
DA:37,4
DA:38,3
DA:41,4
DA:42,1
DA:52,3
DA:63,2
LF:14
LH:14
BRDA:31,0,0,2
BRDA:31,0,1,1
BRDA:41,1,0,1
BRDA:41,1,1,3
BRF:4
BRH:4
end_of_record
TN:
SF:src\services\slice\bookSlice.ts
FN:24,(anonymous_0)
FN:27,(anonymous_1)
FN:30,(anonymous_2)
FNF:3
FNH:3
FNDA:1,(anonymous_0)
FNDA:1,(anonymous_1)
FNDA:1,(anonymous_2)
DA:15,1
DA:20,1
DA:25,1
DA:28,1
DA:31,1
DA:36,1
LF:6
LH:6
BRF:0
BRH:0
end_of_record
TN:
SF:src\services\slice\cartSlice.ts
FN:26,(anonymous_0)
FN:29,(anonymous_1)
FN:31,(anonymous_2)
FN:36,(anonymous_3)
FN:38,(anonymous_4)
FN:43,(anonymous_5)
FN:44,(anonymous_6)
FN:49,(anonymous_7)
FN:50,(anonymous_8)
FN:56,(anonymous_9)
FN:60,(anonymous_10)
FNF:11
FNH:11
FNDA:1,(anonymous_0)
FNDA:2,(anonymous_1)
FNDA:1,(anonymous_2)
FNDA:1,(anonymous_3)
FNDA:1,(anonymous_4)
FNDA:1,(anonymous_5)
FNDA:1,(anonymous_6)
FNDA:1,(anonymous_7)
FNDA:1,(anonymous_8)
FNDA:1,(anonymous_9)
FNDA:1,(anonymous_10)
DA:17,2
DA:22,2
DA:27,1
DA:30,2
DA:31,2
DA:32,2
DA:33,1
DA:37,1
DA:38,1
DA:39,1
DA:40,1
DA:44,1
DA:45,1
DA:46,1
DA:50,1
DA:51,1
DA:52,1
DA:53,1
DA:57,1
DA:58,1
DA:61,1
DA:66,2
LF:22
LH:22
BRDA:32,0,0,1
BRDA:32,0,1,1
BRDA:39,1,0,1
BRDA:39,1,1,0
BRDA:45,2,0,1
BRDA:45,2,1,0
BRDA:52,3,0,1
BRDA:52,3,1,0
BRF:8
BRH:5
end_of_record
TN:
SF:src\services\slice\orderSlice.ts
FN:11,(anonymous_0)
FN:14,(anonymous_1)
FNF:2
FNH:2
FNDA:1,(anonymous_0)
FNDA:1,(anonymous_1)
DA:3,1
DA:7,1
DA:12,1
DA:15,1
DA:20,1
LF:5
LH:5
BRF:0
BRH:0
end_of_record
TN:
SF:src\services\slice\wishlistSlice.ts
FN:23,(anonymous_0)
FN:25,(anonymous_1)
FN:30,(anonymous_2)
FN:32,(anonymous_3)
FN:37,(anonymous_4)
FN:40,(anonymous_5)
FNF:6
FNH:6
FNDA:2,(anonymous_0)
FNDA:1,(anonymous_1)
FNDA:2,(anonymous_2)
FNDA:1,(anonymous_3)
FNDA:1,(anonymous_4)
FNDA:1,(anonymous_5)
DA:14,3
DA:19,3
DA:24,2
DA:25,2
DA:26,2
DA:27,1
DA:31,2
DA:32,2
DA:33,2
DA:34,1
DA:38,1
DA:41,1
DA:46,3
LF:13
LH:13
BRDA:26,0,0,1
BRDA:26,0,1,1
BRDA:33,1,0,1
BRDA:33,1,1,1
BRF:4
BRH:4
end_of_record
